# Logfile created on 2014-10-09 07:55:51 -0400 by logger.rb/44203
D, [2014-10-09T07:55:51.736046 #3122] DEBUG -- : REQUESTING PAGE: GET / with {} and HTTP headers {}
D, [2014-10-09T07:58:36.742052 #3138] DEBUG -- : REQUESTING PAGE: GET / with {} and HTTP headers {}
D, [2014-10-09T08:00:17.180359 #3205] DEBUG -- : REQUESTING PAGE: GET / with {} and HTTP headers {}
D, [2014-10-09T08:05:39.248165 #3257] DEBUG -- : REQUESTING PAGE: GET / with {} and HTTP headers {}
D, [2014-10-09T08:07:46.421438 #3267] DEBUG -- : REQUESTING PAGE: GET / with {} and HTTP headers {}
D, [2014-10-09T08:10:08.007988 #3283] DEBUG -- : REQUESTING PAGE: GET / with {} and HTTP headers {}
D, [2014-10-09T08:11:41.371956 #3289] DEBUG -- : REQUESTING PAGE: GET / with {} and HTTP headers {}
D, [2014-10-15T22:20:50.704278 #27434] DEBUG -- : REQUESTING PAGE: GET / with {} and HTTP headers {}
D, [2014-10-15T22:20:50.817944 #27434] DEBUG -- : REQUESTING PAGE: GET / with {} and HTTP headers {}
D, [2014-10-15T22:26:17.307057 #27544] DEBUG -- : REQUESTING PAGE: GET / with {} and HTTP headers {}
D, [2014-10-15T22:26:17.330424 #27544] DEBUG -- : REQUESTING PAGE: GET / with {} and HTTP headers {}
D, [2014-10-15T23:01:34.856848 #28275] DEBUG -- : REQUESTING PAGE: GET / with {} and HTTP headers {}
D, [2014-10-15T23:01:34.878680 #28275] DEBUG -- : REQUESTING PAGE: GET / with {} and HTTP headers {}
D, [2014-10-15T23:05:56.143935 #28332] DEBUG -- : REQUESTING PAGE: GET / with {} and HTTP headers {}
D, [2014-10-15T23:22:43.705027 #28771] DEBUG -- : REQUESTING PAGE: GET / with {} and HTTP headers {}
D, [2014-10-15T23:23:17.202945 #28779] DEBUG -- : REQUESTING PAGE: GET / with {} and HTTP headers {}
D, [2014-10-15T23:23:27.760812 #28794] DEBUG -- : REQUESTING PAGE: GET / with {} and HTTP headers {}
D, [2014-10-15T23:31:19.156843 #28901] DEBUG -- : REQUESTING PAGE: GET / with {} and HTTP headers {}
D, [2014-10-15T23:32:30.980475 #28917] DEBUG -- : REQUESTING PAGE: GET / with {} and HTTP headers {}
D, [2014-10-15T23:34:20.560328 #28946] DEBUG -- : REQUESTING PAGE: GET / with {} and HTTP headers {}
D, [2014-10-15T23:35:13.569686 #28962] DEBUG -- : REQUESTING PAGE: GET / with {} and HTTP headers {}
D, [2014-10-15T23:36:46.334235 #28978] DEBUG -- : REQUESTING PAGE: GET / with {} and HTTP headers {}
D, [2014-10-15T23:40:40.455292 #28999] DEBUG -- : REQUESTING PAGE: GET / with {} and HTTP headers {}
D, [2014-10-15T23:41:01.621465 #29023] DEBUG -- : REQUESTING PAGE: GET / with {} and HTTP headers {}
D, [2014-10-15T23:41:25.866833 #29039] DEBUG -- : REQUESTING PAGE: GET / with {} and HTTP headers {}
D, [2014-10-15T23:41:40.579121 #29046] DEBUG -- : REQUESTING PAGE: GET / with {} and HTTP headers {}
D, [2014-10-15T23:42:01.888901 #29062] DEBUG -- : REQUESTING PAGE: GET / with {} and HTTP headers {}
D, [2014-10-15T23:42:13.367766 #29077] DEBUG -- : REQUESTING PAGE: GET / with {} and HTTP headers {}
D, [2014-10-15T23:48:42.038905 #29339] DEBUG -- : REQUESTING PAGE: GET / with {} and HTTP headers {}
D, [2014-10-15T23:59:40.951666 #29502] DEBUG -- : REQUESTING PAGE: GET / with {} and HTTP headers {}
D, [2014-10-16T00:05:33.171595 #29798] DEBUG -- : REQUESTING PAGE: GET / with {} and HTTP headers {}
D, [2014-10-16T00:05:41.969192 #29812] DEBUG -- : REQUESTING PAGE: GET / with {} and HTTP headers {}
D, [2014-10-16T00:05:53.848769 #29820] DEBUG -- : REQUESTING PAGE: GET / with {} and HTTP headers {}
D, [2014-10-16T00:06:34.864914 #29844] DEBUG -- : REQUESTING PAGE: GET / with {} and HTTP headers {}
D, [2014-10-16T00:07:16.764757 #29860] DEBUG -- : REQUESTING PAGE: GET / with {} and HTTP headers {}
D, [2014-10-16T00:07:23.386505 #29868] DEBUG -- : REQUESTING PAGE: GET / with {} and HTTP headers {}
D, [2014-10-16T00:07:40.941621 #29884] DEBUG -- : REQUESTING PAGE: GET / with {} and HTTP headers {}
D, [2014-10-16T00:08:12.580671 #29900] DEBUG -- : REQUESTING PAGE: GET / with {} and HTTP headers {}
D, [2014-10-16T00:11:52.975708 #29971] DEBUG -- : REQUESTING PAGE: GET / with {} and HTTP headers {}
D, [2014-10-16T00:12:21.642857 #29987] DEBUG -- : REQUESTING PAGE: GET / with {} and HTTP headers {}
D, [2014-10-16T00:14:06.269383 #30006] DEBUG -- : REQUESTING PAGE: GET / with {} and HTTP headers {}
D, [2014-10-16T00:15:04.398249 #30021] DEBUG -- : REQUESTING PAGE: GET / with {} and HTTP headers {}
D, [2014-10-16T00:15:04.422753 #30021] DEBUG -- : REQUESTING PAGE: POST /juego with {"jugador1"=>"Pedro", "jugador2"=>"Pedro", "aceptar"=>"Aceptar"} and HTTP headers {"HTTP_REFERER"=>"/"}
D, [2014-10-16T00:15:17.372312 #30036] DEBUG -- : REQUESTING PAGE: GET / with {} and HTTP headers {}
D, [2014-10-16T00:15:23.061544 #30050] DEBUG -- : REQUESTING PAGE: GET / with {} and HTTP headers {}
D, [2014-10-16T00:15:23.085787 #30050] DEBUG -- : REQUESTING PAGE: POST /juego with {"jugador1"=>"Pedro", "jugador2"=>"Pedro", "aceptar"=>"Aceptar"} and HTTP headers {"HTTP_REFERER"=>"/"}
D, [2014-10-16T00:24:11.098700 #30129] DEBUG -- : REQUESTING PAGE: GET / with {} and HTTP headers {}
D, [2014-10-16T00:24:11.122908 #30129] DEBUG -- : REQUESTING PAGE: POST /juego with {"jugador1"=>"Pedro", "jugador2"=>"Pedro", "aceptar"=>"Aceptar"} and HTTP headers {"HTTP_REFERER"=>"/"}
D, [2014-10-16T00:24:57.355869 #30149] DEBUG -- : REQUESTING PAGE: GET / with {} and HTTP headers {}
D, [2014-10-16T00:24:57.379821 #30149] DEBUG -- : REQUESTING PAGE: POST /juego with {"jugador1"=>"Pedro", "jugador2"=>"Pedro", "aceptar"=>"Aceptar"} and HTTP headers {"HTTP_REFERER"=>"/"}
D, [2014-10-16T00:27:23.243889 #30174] DEBUG -- : REQUESTING PAGE: GET / with {} and HTTP headers {}
D, [2014-10-16T00:27:23.267668 #30174] DEBUG -- : REQUESTING PAGE: POST /juego with {"jugador1"=>"Pedro", "jugador2"=>"Pedro", "aceptar"=>"Aceptar"} and HTTP headers {"HTTP_REFERER"=>"/"}
D, [2014-10-16T00:28:18.389036 #30198] DEBUG -- : REQUESTING PAGE: GET / with {} and HTTP headers {}
D, [2014-10-16T00:28:18.412908 #30198] DEBUG -- : REQUESTING PAGE: POS /juego with {"jugador1"=>"Pedro", "jugador2"=>"Pedro", "aceptar"=>"Aceptar"} and HTTP headers {"HTTP_REFERER"=>"/"}
D, [2014-10-16T00:28:38.754989 #30213] DEBUG -- : REQUESTING PAGE: GET / with {} and HTTP headers {}
D, [2014-10-16T00:28:38.778973 #30213] DEBUG -- : REQUESTING PAGE: POST /juego with {"jugador1"=>"Pedro", "jugador2"=>"Pedro", "aceptar"=>"Aceptar"} and HTTP headers {"HTTP_REFERER"=>"/"}
D, [2014-10-16T00:29:07.592591 #30230] DEBUG -- : REQUESTING PAGE: GET / with {} and HTTP headers {}
D, [2014-10-16T00:29:07.621788 #30230] DEBUG -- : REQUESTING PAGE: POST /juego with {"jugador1"=>"Pedro", "jugador2"=>"Pedro", "aceptar"=>"Aceptar"} and HTTP headers {"HTTP_REFERER"=>"/"}
D, [2014-10-16T00:29:30.083286 #30237] DEBUG -- : REQUESTING PAGE: GET / with {} and HTTP headers {}
D, [2014-10-16T00:29:30.107449 #30237] DEBUG -- : REQUESTING PAGE: POST /juego with {"jugador1"=>"Pedro", "jugador2"=>"Pedro", "aceptar"=>"Aceptar"} and HTTP headers {"HTTP_REFERER"=>"/"}
D, [2014-10-16T00:30:00.275180 #30331] DEBUG -- : REQUESTING PAGE: GET / with {} and HTTP headers {}
D, [2014-10-16T00:30:00.299893 #30331] DEBUG -- : REQUESTING PAGE: POST /juego with {"jugador1"=>"Pedro", "jugador2"=>"Pedro", "aceptar"=>"Aceptar"} and HTTP headers {"HTTP_REFERER"=>"/"}
D, [2014-10-16T00:30:07.951143 #30343] DEBUG -- : REQUESTING PAGE: GET / with {} and HTTP headers {}
D, [2014-10-16T00:30:07.975147 #30343] DEBUG -- : REQUESTING PAGE: POST /juego with {"jugador1"=>"Pedro", "jugador2"=>"Pedro", "aceptar"=>"Aceptar"} and HTTP headers {"HTTP_REFERER"=>"/"}
D, [2014-10-16T00:34:25.902139 #30469] DEBUG -- : REQUESTING PAGE: GET / with {} and HTTP headers {}
D, [2014-10-16T00:34:25.926797 #30469] DEBUG -- : REQUESTING PAGE: POST /juego with {"jugador1"=>"Pedro", "jugador2"=>"Pedro", "aceptar"=>"Aceptar"} and HTTP headers {"HTTP_REFERER"=>"/"}
D, [2014-10-16T00:44:12.832896 #30677] DEBUG -- : REQUESTING PAGE: GET / with {} and HTTP headers {}
D, [2014-10-16T00:44:12.857037 #30677] DEBUG -- : REQUESTING PAGE: POST /juego with {"jugador1"=>"Pedro", "jugador2"=>"Pedro", "aceptar"=>"Aceptar"} and HTTP headers {"HTTP_REFERER"=>"/"}
D, [2014-10-16T01:18:59.952574 #30996] DEBUG -- : REQUESTING PAGE: GET / with {} and HTTP headers {}
D, [2014-10-16T01:18:59.978670 #30996] DEBUG -- : REQUESTING PAGE: POST /juego with {"jugador1"=>"Pedro", "jugador2"=>"Pedro", "aceptar"=>"Aceptar"} and HTTP headers {"HTTP_REFERER"=>"/"}
D, [2014-10-16T01:18:59.984669 #30996] DEBUG -- : REQUESTING PAGE: GET /jugar with {} and HTTP headers {}
D, [2014-10-16T01:20:21.920192 #31021] DEBUG -- : REQUESTING PAGE: GET / with {} and HTTP headers {}
D, [2014-10-16T01:20:21.945034 #31021] DEBUG -- : REQUESTING PAGE: POST /juego with {"jugador1"=>"Pedro", "jugador2"=>"Pedro", "aceptar"=>"Aceptar"} and HTTP headers {"HTTP_REFERER"=>"/"}
D, [2014-10-16T01:20:21.952070 #31021] DEBUG -- : REQUESTING PAGE: GET /jugar with {} and HTTP headers {}
D, [2014-10-16T01:22:22.456586 #31069] DEBUG -- : REQUESTING PAGE: GET / with {} and HTTP headers {}
D, [2014-10-16T01:22:22.480704 #31069] DEBUG -- : REQUESTING PAGE: POST /juego with {"jugador1"=>"Pedro", "jugador2"=>"Pedro", "aceptar"=>"Aceptar"} and HTTP headers {"HTTP_REFERER"=>"/"}
D, [2014-10-16T01:22:22.487478 #31069] DEBUG -- : REQUESTING PAGE: GET /jugar with {} and HTTP headers {}
D, [2014-10-16T01:26:43.485953 #31104] DEBUG -- : REQUESTING PAGE: GET / with {} and HTTP headers {}
D, [2014-10-16T01:26:43.510439 #31104] DEBUG -- : REQUESTING PAGE: POST /juego with {"jugador1"=>"Pedro", "jugador2"=>"Pedro", "aceptar"=>"Aceptar"} and HTTP headers {"HTTP_REFERER"=>"/"}
D, [2014-10-16T01:26:43.516992 #31104] DEBUG -- : REQUESTING PAGE: GET /jugar with {} and HTTP headers {}
D, [2014-10-16T01:27:02.276287 #31233] DEBUG -- : REQUESTING PAGE: GET / with {} and HTTP headers {}
D, [2014-10-16T01:27:02.300383 #31233] DEBUG -- : REQUESTING PAGE: POST /juego with {"jugador1"=>"Pedro", "jugador2"=>"Pedro", "aceptar"=>"Aceptar"} and HTTP headers {"HTTP_REFERER"=>"/"}
D, [2014-10-16T01:27:02.307014 #31233] DEBUG -- : REQUESTING PAGE: GET /jugar with {} and HTTP headers {}
D, [2014-10-16T01:28:40.144490 #31249] DEBUG -- : REQUESTING PAGE: GET / with {} and HTTP headers {}
D, [2014-10-16T01:28:40.168831 #31249] DEBUG -- : REQUESTING PAGE: POST /juego with {"jugador1"=>"Pedro", "jugador2"=>"Pedro", "aceptar"=>"Aceptar"} and HTTP headers {"HTTP_REFERER"=>"/"}
D, [2014-10-16T01:29:13.110358 #31266] DEBUG -- : REQUESTING PAGE: GET / with {} and HTTP headers {}
D, [2014-10-16T01:29:13.135032 #31266] DEBUG -- : REQUESTING PAGE: POST /juego with {"jugador1"=>"Pedro", "jugador2"=>"Pedro", "aceptar"=>"Aceptar"} and HTTP headers {"HTTP_REFERER"=>"/"}
D, [2014-10-16T01:29:13.142009 #31266] DEBUG -- : REQUESTING PAGE: POST /juego with {} and HTTP headers {}
D, [2014-10-16T01:39:18.946648 #31445] DEBUG -- : REQUESTING PAGE: GET / with {} and HTTP headers {}
D, [2014-10-16T01:39:18.970817 #31445] DEBUG -- : REQUESTING PAGE: POST /juego with {"jugador1"=>"Pedro", "jugador2"=>"Pedro", "aceptar"=>"Aceptar"} and HTTP headers {"HTTP_REFERER"=>"/"}
D, [2014-10-16T01:40:53.294237 #31473] DEBUG -- : REQUESTING PAGE: GET / with {} and HTTP headers {}
D, [2014-10-16T01:40:53.318345 #31473] DEBUG -- : REQUESTING PAGE: POST /juego with {"jugador1"=>"Pedro", "jugador2"=>"Pedro", "aceptar"=>"Aceptar"} and HTTP headers {"HTTP_REFERER"=>"/"}
D, [2014-10-16T01:41:26.491973 #31491] DEBUG -- : REQUESTING PAGE: GET / with {} and HTTP headers {}
D, [2014-10-16T01:41:26.516029 #31491] DEBUG -- : REQUESTING PAGE: POST /juego with {"jugador1"=>"Pedro", "jugador2"=>"Pedro", "aceptar"=>"Aceptar"} and HTTP headers {"HTTP_REFERER"=>"/"}
D, [2014-10-16T01:46:28.712367 #31587] DEBUG -- : REQUESTING PAGE: GET / with {} and HTTP headers {}
D, [2014-10-16T01:46:48.877642 #31602] DEBUG -- : REQUESTING PAGE: GET / with {} and HTTP headers {}
D, [2014-10-16T01:46:48.901740 #31602] DEBUG -- : REQUESTING PAGE: POST /juego with {"jugador1"=>"Pedro", "jugador2"=>"Pedro", "aceptar"=>"Aceptar"} and HTTP headers {"HTTP_REFERER"=>"/"}
D, [2014-10-16T01:48:44.063052 #31689] DEBUG -- : REQUESTING PAGE: GET / with {} and HTTP headers {}
D, [2014-10-16T01:48:44.087909 #31689] DEBUG -- : REQUESTING PAGE: POST /juego with {"jugador1"=>"Pedro", "jugador2"=>"Pedro", "aceptar"=>"Aceptar"} and HTTP headers {"HTTP_REFERER"=>"/"}
D, [2014-10-16T01:50:34.063536 #31720] DEBUG -- : REQUESTING PAGE: GET / with {} and HTTP headers {}
D, [2014-10-16T01:50:34.088464 #31720] DEBUG -- : REQUESTING PAGE: POST /juego with {"jugador1"=>"Pedro", "jugador2"=>"Pedro", "aceptar"=>"Aceptar"} and HTTP headers {"HTTP_REFERER"=>"/"}
D, [2014-10-16T01:51:17.044400 #31737] DEBUG -- : REQUESTING PAGE: GET / with {} and HTTP headers {}
D, [2014-10-16T01:51:17.070305 #31737] DEBUG -- : REQUESTING PAGE: POST /juego with {"jugador1"=>"Pedro", "jugador2"=>"Pedro", "aceptar"=>"Aceptar"} and HTTP headers {"HTTP_REFERER"=>"/"}
D, [2014-10-16T01:54:14.037539 #31751] DEBUG -- : REQUESTING PAGE: GET / with {} and HTTP headers {}
D, [2014-10-16T01:54:14.061629 #31751] DEBUG -- : REQUESTING PAGE: POST /juego with {"jugador1"=>"Pedro", "jugador2"=>"Pedro", "aceptar"=>"Aceptar"} and HTTP headers {"HTTP_REFERER"=>"/"}
D, [2014-10-16T01:54:35.374606 #31758] DEBUG -- : REQUESTING PAGE: GET / with {} and HTTP headers {}
D, [2014-10-16T01:54:35.398832 #31758] DEBUG -- : REQUESTING PAGE: POST /juego with {"jugador1"=>"Pedro", "jugador2"=>"Pedro", "aceptar"=>"Aceptar"} and HTTP headers {"HTTP_REFERER"=>"/"}
D, [2014-10-30T00:08:56.803141 #6043] DEBUG -- : REQUESTING PAGE: GET / with {} and HTTP headers {}
D, [2014-10-30T00:13:22.930084 #6090] DEBUG -- : REQUESTING PAGE: GET / with {} and HTTP headers {}
D, [2014-10-30T00:14:49.708852 #6124] DEBUG -- : REQUESTING PAGE: GET / with {} and HTTP headers {}
D, [2014-10-30T00:18:08.109489 #6211] DEBUG -- : REQUESTING PAGE: GET / with {} and HTTP headers {}
D, [2014-10-30T00:19:33.734405 #6247] DEBUG -- : REQUESTING PAGE: GET / with {} and HTTP headers {}
D, [2014-10-30T00:19:54.194273 #6263] DEBUG -- : REQUESTING PAGE: GET / with {} and HTTP headers {}
D, [2014-10-30T00:22:10.526708 #6293] DEBUG -- : REQUESTING PAGE: GET / with {} and HTTP headers {}
D, [2014-10-30T01:36:06.076142 #4317] DEBUG -- : REQUESTING PAGE: GET / with {} and HTTP headers {}
D, [2014-10-30T01:37:13.899363 #4350] DEBUG -- : REQUESTING PAGE: GET / with {} and HTTP headers {}
D, [2014-10-30T01:37:13.926524 #4350] DEBUG -- : REQUESTING PAGE: GET /secreto with {} and HTTP headers {}
D, [2014-10-30T01:40:17.301907 #4377] DEBUG -- : REQUESTING PAGE: GET / with {} and HTTP headers {}
D, [2014-10-30T01:40:17.326406 #4377] DEBUG -- : REQUESTING PAGE: GET /secreto with {} and HTTP headers {}
D, [2014-10-30T01:40:30.398942 #4398] DEBUG -- : REQUESTING PAGE: GET / with {} and HTTP headers {}
D, [2014-10-30T01:40:30.424148 #4398] DEBUG -- : REQUESTING PAGE: GET /secreto with {} and HTTP headers {}
D, [2014-10-30T01:42:04.470378 #4423] DEBUG -- : REQUESTING PAGE: GET / with {} and HTTP headers {}
D, [2014-10-30T01:42:04.498085 #4423] DEBUG -- : REQUESTING PAGE: GET /secreto with {} and HTTP headers {}
D, [2014-10-30T01:42:39.240626 #4439] DEBUG -- : REQUESTING PAGE: GET / with {} and HTTP headers {}
D, [2014-10-30T01:42:39.263165 #4439] DEBUG -- : REQUESTING PAGE: GET /secreto with {} and HTTP headers {}
D, [2014-10-30T01:44:13.212297 #4456] DEBUG -- : REQUESTING PAGE: GET / with {} and HTTP headers {}
D, [2014-10-30T01:44:13.234958 #4456] DEBUG -- : REQUESTING PAGE: GET /secreto with {} and HTTP headers {}
D, [2014-11-06T00:08:41.729215 #5593] DEBUG -- : REQUESTING PAGE: GET / with {} and HTTP headers {}
D, [2014-11-06T00:08:41.893181 #5593] DEBUG -- : REQUESTING PAGE: GET /secreto with {} and HTTP headers {}
D, [2014-11-06T00:17:00.880715 #5638] DEBUG -- : REQUESTING PAGE: GET / with {} and HTTP headers {}
D, [2014-11-06T00:17:00.903667 #5638] DEBUG -- : REQUESTING PAGE: GET /secreto with {} and HTTP headers {}
D, [2014-11-06T00:18:49.145189 #5676] DEBUG -- : REQUESTING PAGE: GET / with {} and HTTP headers {}
D, [2014-11-06T00:18:49.170678 #5676] DEBUG -- : REQUESTING PAGE: GET /secreto with {} and HTTP headers {}
D, [2014-11-06T00:21:41.095498 #5701] DEBUG -- : REQUESTING PAGE: GET / with {} and HTTP headers {}
D, [2014-11-06T00:21:41.118797 #5701] DEBUG -- : REQUESTING PAGE: GET /secreto with {} and HTTP headers {}
D, [2014-11-06T00:21:41.124810 #5701] DEBUG -- : REQUESTING PAGE: GET /secreto with {} and HTTP headers {}
D, [2014-11-06T00:23:23.187080 #5755] DEBUG -- : REQUESTING PAGE: GET / with {} and HTTP headers {}
D, [2014-11-06T00:23:23.208755 #5755] DEBUG -- : REQUESTING PAGE: GET /secreto with {} and HTTP headers {}
D, [2014-11-06T00:23:23.214359 #5755] DEBUG -- : REQUESTING PAGE: GET /secreto with {} and HTTP headers {}
D, [2014-11-06T00:23:49.566350 #5770] DEBUG -- : REQUESTING PAGE: GET / with {} and HTTP headers {}
D, [2014-11-06T00:23:49.588271 #5770] DEBUG -- : REQUESTING PAGE: GET /secreto with {} and HTTP headers {}
D, [2014-11-06T00:23:49.594782 #5770] DEBUG -- : REQUESTING PAGE: GET /secreto with {} and HTTP headers {}
D, [2014-11-06T00:27:11.053631 #5824] DEBUG -- : REQUESTING PAGE: GET / with {} and HTTP headers {}
D, [2014-11-06T00:27:11.075603 #5824] DEBUG -- : REQUESTING PAGE: GET /secreto with {} and HTTP headers {}
D, [2014-11-06T00:27:11.078734 #5824] DEBUG -- : REQUESTING PAGE: POST /entrar_palabra with {"palabra"=>"loco"} and HTTP headers {"HTTP_REFERER"=>"/secreto"}
D, [2014-11-06T00:27:11.151268 #5824] DEBUG -- : REQUESTING PAGE: GET /secreto with {} and HTTP headers {}
D, [2014-11-06T00:28:26.534636 #5846] DEBUG -- : REQUESTING PAGE: GET / with {} and HTTP headers {}
D, [2014-11-06T00:28:26.556361 #5846] DEBUG -- : REQUESTING PAGE: GET /secreto with {} and HTTP headers {}
D, [2014-11-06T00:28:26.559562 #5846] DEBUG -- : REQUESTING PAGE: POST /entrar_palabra with {"palabra"=>"loco"} and HTTP headers {"HTTP_REFERER"=>"/secreto"}
D, [2014-11-06T00:28:26.565067 #5846] DEBUG -- : REQUESTING PAGE: GET /secreto with {} and HTTP headers {}
D, [2014-11-06T00:29:23.373562 #5865] DEBUG -- : REQUESTING PAGE: GET / with {} and HTTP headers {}
D, [2014-11-06T00:29:23.395137 #5865] DEBUG -- : REQUESTING PAGE: GET /secreto with {} and HTTP headers {}
D, [2014-11-06T00:29:23.398225 #5865] DEBUG -- : REQUESTING PAGE: POST /entrar_palabra with {"palabra"=>"loco"} and HTTP headers {"HTTP_REFERER"=>"/secreto"}
D, [2014-11-06T00:29:23.407014 #5865] DEBUG -- : REQUESTING PAGE: GET /secreto with {} and HTTP headers {}
D, [2014-11-06T00:30:27.194001 #5883] DEBUG -- : REQUESTING PAGE: GET / with {} and HTTP headers {}
D, [2014-11-06T00:30:27.215132 #5883] DEBUG -- : REQUESTING PAGE: GET /secreto with {} and HTTP headers {}
D, [2014-11-06T00:30:27.218165 #5883] DEBUG -- : REQUESTING PAGE: POST /entrar_palabra with {"palabra"=>"loco"} and HTTP headers {"HTTP_REFERER"=>"/secreto"}
D, [2014-11-06T00:30:27.222754 #5883] DEBUG -- : REQUESTING PAGE: GET /secreto with {} and HTTP headers {}
D, [2014-11-06T00:34:06.092180 #5934] DEBUG -- : REQUESTING PAGE: GET / with {} and HTTP headers {}
D, [2014-11-06T00:34:06.114631 #5934] DEBUG -- : REQUESTING PAGE: GET /secreto with {} and HTTP headers {}
D, [2014-11-06T00:34:06.118423 #5934] DEBUG -- : REQUESTING PAGE: POST /entrar_palabra with {"palabra"=>"loco"} and HTTP headers {"HTTP_REFERER"=>"/secreto"}
D, [2014-11-06T00:34:06.125870 #5934] DEBUG -- : REQUESTING PAGE: GET /secreto with {} and HTTP headers {}
D, [2014-11-06T00:39:53.663406 #5974] DEBUG -- : REQUESTING PAGE: GET / with {} and HTTP headers {}
D, [2014-11-06T00:39:53.684967 #5974] DEBUG -- : REQUESTING PAGE: GET /secreto with {} and HTTP headers {}
D, [2014-11-06T00:39:53.688036 #5974] DEBUG -- : REQUESTING PAGE: POST /entrar_palabra with {"palabra"=>"loco"} and HTTP headers {"HTTP_REFERER"=>"/secreto"}
D, [2014-11-06T00:39:53.696669 #5974] DEBUG -- : REQUESTING PAGE: GET /secreto with {} and HTTP headers {}
D, [2014-11-06T00:40:20.637706 #5992] DEBUG -- : REQUESTING PAGE: GET / with {} and HTTP headers {}
D, [2014-11-06T00:40:20.660083 #5992] DEBUG -- : REQUESTING PAGE: GET /secreto with {} and HTTP headers {}
D, [2014-11-06T00:40:20.663830 #5992] DEBUG -- : REQUESTING PAGE: POST /entrar_palabra with {"palabra"=>"loco"} and HTTP headers {"HTTP_REFERER"=>"/secreto"}
D, [2014-11-06T00:40:20.671030 #5992] DEBUG -- : REQUESTING PAGE: GET /jugar with {} and HTTP headers {}
D, [2014-11-06T00:40:20.674467 #5992] DEBUG -- : REQUESTING PAGE: GET /secreto with {} and HTTP headers {}
D, [2014-11-06T00:41:19.118741 #6009] DEBUG -- : REQUESTING PAGE: GET / with {} and HTTP headers {}
D, [2014-11-06T00:41:19.140079 #6009] DEBUG -- : REQUESTING PAGE: GET /secreto with {} and HTTP headers {}
D, [2014-11-06T00:41:19.143096 #6009] DEBUG -- : REQUESTING PAGE: POST /entrar_palabra with {"palabra"=>"loco"} and HTTP headers {"HTTP_REFERER"=>"/secreto"}
D, [2014-11-06T00:41:19.149182 #6009] DEBUG -- : REQUESTING PAGE: GET /jugar with {} and HTTP headers {}
D, [2014-11-06T00:41:19.157602 #6009] DEBUG -- : REQUESTING PAGE: GET /secreto with {} and HTTP headers {}
D, [2014-11-06T00:45:17.749568 #6089] DEBUG -- : REQUESTING PAGE: GET / with {} and HTTP headers {}
D, [2014-11-06T00:45:17.770902 #6089] DEBUG -- : REQUESTING PAGE: GET /secreto with {} and HTTP headers {}
D, [2014-11-06T00:45:17.773993 #6089] DEBUG -- : REQUESTING PAGE: POST /entrar_palabra with {"palabra"=>"loco"} and HTTP headers {"HTTP_REFERER"=>"/secreto"}
D, [2014-11-06T00:45:17.780171 #6089] DEBUG -- : REQUESTING PAGE: GET /jugar with {} and HTTP headers {}
D, [2014-11-06T00:45:17.785868 #6089] DEBUG -- : REQUESTING PAGE: GET /secreto with {} and HTTP headers {}
D, [2014-11-06T00:45:45.598191 #6111] DEBUG -- : REQUESTING PAGE: GET / with {} and HTTP headers {}
D, [2014-11-06T00:45:45.620312 #6111] DEBUG -- : REQUESTING PAGE: GET /secreto with {} and HTTP headers {}
D, [2014-11-06T00:45:45.623489 #6111] DEBUG -- : REQUESTING PAGE: POST /entrar_palabra with {"palabra"=>"loco"} and HTTP headers {"HTTP_REFERER"=>"/secreto"}
D, [2014-11-06T00:45:45.631091 #6111] DEBUG -- : REQUESTING PAGE: GET /jugar with {} and HTTP headers {}
D, [2014-11-06T00:45:45.634089 #6111] DEBUG -- : REQUESTING PAGE: GET /secreto with {} and HTTP headers {}
D, [2014-11-06T00:49:50.686680 #6157] DEBUG -- : REQUESTING PAGE: GET / with {} and HTTP headers {}
D, [2014-11-06T00:49:50.708300 #6157] DEBUG -- : REQUESTING PAGE: GET /secreto with {} and HTTP headers {}
D, [2014-11-06T00:49:50.711333 #6157] DEBUG -- : REQUESTING PAGE: POST /entrar_palabra with {"palabra"=>"loco"} and HTTP headers {"HTTP_REFERER"=>"/secreto"}
D, [2014-11-06T00:49:50.717931 #6157] DEBUG -- : REQUESTING PAGE: GET /jugar with {} and HTTP headers {}
D, [2014-11-06T00:49:50.722981 #6157] DEBUG -- : REQUESTING PAGE: GET /secreto with {} and HTTP headers {}
D, [2014-11-06T00:52:58.011159 #6198] DEBUG -- : REQUESTING PAGE: GET / with {} and HTTP headers {}
D, [2014-11-06T00:52:58.032601 #6198] DEBUG -- : REQUESTING PAGE: GET /secreto with {} and HTTP headers {}
D, [2014-11-06T00:52:58.035611 #6198] DEBUG -- : REQUESTING PAGE: POST /entrar_palabra with {"palabra"=>"loco"} and HTTP headers {"HTTP_REFERER"=>"/secreto"}
D, [2014-11-06T00:52:58.042365 #6198] DEBUG -- : REQUESTING PAGE: GET /jugar with {} and HTTP headers {}
D, [2014-11-06T00:52:58.047693 #6198] DEBUG -- : REQUESTING PAGE: GET /secreto with {} and HTTP headers {}
D, [2014-11-06T00:53:58.288424 #6225] DEBUG -- : REQUESTING PAGE: GET / with {} and HTTP headers {}
D, [2014-11-06T00:53:58.310494 #6225] DEBUG -- : REQUESTING PAGE: GET /secreto with {} and HTTP headers {}
D, [2014-11-06T00:53:58.313798 #6225] DEBUG -- : REQUESTING PAGE: POST /entrar_palabra with {"palabra"=>"loco"} and HTTP headers {"HTTP_REFERER"=>"/secreto"}
D, [2014-11-06T00:53:58.321411 #6225] DEBUG -- : REQUESTING PAGE: GET /jugar with {} and HTTP headers {}
D, [2014-11-06T00:53:58.325214 #6225] DEBUG -- : REQUESTING PAGE: GET /secreto with {} and HTTP headers {}
D, [2014-11-06T01:18:19.595727 #6473] DEBUG -- : REQUESTING PAGE: GET / with {} and HTTP headers {}
D, [2014-11-06T01:18:19.617157 #6473] DEBUG -- : REQUESTING PAGE: GET /secreto with {} and HTTP headers {}
D, [2014-11-06T01:18:19.620230 #6473] DEBUG -- : REQUESTING PAGE: POST /entrar_palabra with {"palabra"=>"loco"} and HTTP headers {"HTTP_REFERER"=>"/secreto"}
D, [2014-11-06T01:18:19.628580 #6473] DEBUG -- : REQUESTING PAGE: GET /jugar with {} and HTTP headers {}
D, [2014-11-06T01:18:19.632215 #6473] DEBUG -- : REQUESTING PAGE: GET /secreto with {} and HTTP headers {}
D, [2014-11-06T01:24:21.408752 #6523] DEBUG -- : REQUESTING PAGE: GET / with {} and HTTP headers {}
D, [2014-11-06T01:24:21.430240 #6523] DEBUG -- : REQUESTING PAGE: GET /secreto with {} and HTTP headers {}
D, [2014-11-06T01:24:21.433330 #6523] DEBUG -- : REQUESTING PAGE: POST /entrar_palabra with {"palabra"=>"loco"} and HTTP headers {"HTTP_REFERER"=>"/secreto"}
D, [2014-11-06T01:24:21.440912 #6523] DEBUG -- : REQUESTING PAGE: GET /secreto with {} and HTTP headers {}
D, [2014-11-06T01:24:21.443751 #6523] DEBUG -- : REQUESTING PAGE: POST /entrar_palabra with {"palabra"=>"loco"} and HTTP headers {"HTTP_REFERER"=>"/secreto"}
D, [2014-11-06T01:24:21.445266 #6523] DEBUG -- : REQUESTING PAGE: GET / with {} and HTTP headers {"HTTP_REFERER"=>"/entrar_palabra"}
D, [2014-11-06T01:24:21.450213 #6523] DEBUG -- : REQUESTING PAGE: GET /jugar with {} and HTTP headers {}
D, [2014-11-06T01:24:21.453689 #6523] DEBUG -- : REQUESTING PAGE: GET /secreto with {} and HTTP headers {}
D, [2014-11-06T01:27:39.458587 #6543] DEBUG -- : REQUESTING PAGE: GET / with {} and HTTP headers {}
D, [2014-11-06T01:27:39.483038 #6543] DEBUG -- : REQUESTING PAGE: GET /secreto with {} and HTTP headers {}
D, [2014-11-06T01:27:39.488382 #6543] DEBUG -- : REQUESTING PAGE: POST /entrar_palabra with {"palabra"=>"loco"} and HTTP headers {"HTTP_REFERER"=>"/secreto"}
D, [2014-11-06T01:27:39.493558 #6543] DEBUG -- : REQUESTING PAGE: GET /secreto with {} and HTTP headers {}
D, [2014-11-06T01:27:39.497895 #6543] DEBUG -- : REQUESTING PAGE: POST /entrar_palabra with {"palabra"=>"loco"} and HTTP headers {"HTTP_REFERER"=>"/secreto"}
D, [2014-11-06T01:27:39.499620 #6543] DEBUG -- : REQUESTING PAGE: GET / with {} and HTTP headers {"HTTP_REFERER"=>"/entrar_palabra"}
D, [2014-11-06T01:27:39.502391 #6543] DEBUG -- : REQUESTING PAGE: POST /jugar with {"nombre"=>"Jorge"} and HTTP headers {"HTTP_REFERER"=>"/"}
D, [2014-11-06T01:27:39.507814 #6543] DEBUG -- : REQUESTING PAGE: GET /jugar with {} and HTTP headers {}
D, [2014-11-06T01:27:39.511610 #6543] DEBUG -- : REQUESTING PAGE: GET /secreto with {} and HTTP headers {}
D, [2014-11-06T01:32:01.802027 #6681] DEBUG -- : REQUESTING PAGE: GET / with {} and HTTP headers {}
D, [2014-11-06T01:32:01.823115 #6681] DEBUG -- : REQUESTING PAGE: GET /secreto with {} and HTTP headers {}
D, [2014-11-06T01:32:01.826147 #6681] DEBUG -- : REQUESTING PAGE: POST /entrar_palabra with {"palabra"=>"loco"} and HTTP headers {"HTTP_REFERER"=>"/secreto"}
D, [2014-11-06T01:32:01.834531 #6681] DEBUG -- : REQUESTING PAGE: GET /secreto with {} and HTTP headers {}
D, [2014-11-06T01:32:01.838956 #6681] DEBUG -- : REQUESTING PAGE: POST /entrar_palabra with {"palabra"=>"loco"} and HTTP headers {"HTTP_REFERER"=>"/secreto"}
D, [2014-11-06T01:32:01.840756 #6681] DEBUG -- : REQUESTING PAGE: GET / with {} and HTTP headers {"HTTP_REFERER"=>"/entrar_palabra"}
D, [2014-11-06T01:32:01.843456 #6681] DEBUG -- : REQUESTING PAGE: POST /jugar with {"nombre"=>"Jorge"} and HTTP headers {"HTTP_REFERER"=>"/"}
D, [2014-11-06T01:32:01.849530 #6681] DEBUG -- : REQUESTING PAGE: GET / with {} and HTTP headers {}
D, [2014-11-06T01:32:01.852227 #6681] DEBUG -- : REQUESTING PAGE: POST /jugar with {"nombre"=>""} and HTTP headers {"HTTP_REFERER"=>"/"}
D, [2014-11-06T01:32:01.856360 #6681] DEBUG -- : REQUESTING PAGE: GET /secreto with {} and HTTP headers {}
D, [2014-11-06T01:32:57.786805 #6697] DEBUG -- : REQUESTING PAGE: GET / with {} and HTTP headers {}
D, [2014-11-06T01:32:57.808396 #6697] DEBUG -- : REQUESTING PAGE: GET /secreto with {} and HTTP headers {}
D, [2014-11-06T01:32:57.811418 #6697] DEBUG -- : REQUESTING PAGE: POST /entrar_palabra with {"palabra"=>"loco"} and HTTP headers {"HTTP_REFERER"=>"/secreto"}
D, [2014-11-06T01:32:57.818594 #6697] DEBUG -- : REQUESTING PAGE: GET /secreto with {} and HTTP headers {}
D, [2014-11-06T01:32:57.821642 #6697] DEBUG -- : REQUESTING PAGE: POST /entrar_palabra with {"palabra"=>"loco"} and HTTP headers {"HTTP_REFERER"=>"/secreto"}
D, [2014-11-06T01:32:57.823137 #6697] DEBUG -- : REQUESTING PAGE: GET / with {} and HTTP headers {"HTTP_REFERER"=>"/entrar_palabra"}
D, [2014-11-06T01:32:57.825515 #6697] DEBUG -- : REQUESTING PAGE: POST /jugar with {"nombre"=>"Jorge"} and HTTP headers {"HTTP_REFERER"=>"/"}
D, [2014-11-06T01:32:57.830958 #6697] DEBUG -- : REQUESTING PAGE: GET / with {} and HTTP headers {}
D, [2014-11-06T01:32:57.833480 #6697] DEBUG -- : REQUESTING PAGE: POST /jugar with {"nombre"=>""} and HTTP headers {"HTTP_REFERER"=>"/"}
D, [2014-11-06T01:32:57.837059 #6697] DEBUG -- : REQUESTING PAGE: GET /secreto with {} and HTTP headers {}
D, [2014-11-06T01:33:44.278686 #6715] DEBUG -- : REQUESTING PAGE: GET / with {} and HTTP headers {}
D, [2014-11-06T01:33:44.301054 #6715] DEBUG -- : REQUESTING PAGE: GET /secreto with {} and HTTP headers {}
D, [2014-11-06T01:33:44.304745 #6715] DEBUG -- : REQUESTING PAGE: POST /entrar_palabra with {"palabra"=>"loco"} and HTTP headers {"HTTP_REFERER"=>"/secreto"}
D, [2014-11-06T01:33:44.312418 #6715] DEBUG -- : REQUESTING PAGE: GET /secreto with {} and HTTP headers {}
D, [2014-11-06T01:33:44.315259 #6715] DEBUG -- : REQUESTING PAGE: POST /entrar_palabra with {"palabra"=>"loco"} and HTTP headers {"HTTP_REFERER"=>"/secreto"}
D, [2014-11-06T01:33:44.316785 #6715] DEBUG -- : REQUESTING PAGE: GET / with {} and HTTP headers {"HTTP_REFERER"=>"/entrar_palabra"}
D, [2014-11-06T01:33:44.319103 #6715] DEBUG -- : REQUESTING PAGE: POST /jugar with {"nombre"=>"Jorge"} and HTTP headers {"HTTP_REFERER"=>"/"}
D, [2014-11-06T01:33:44.323591 #6715] DEBUG -- : REQUESTING PAGE: GET / with {} and HTTP headers {}
D, [2014-11-06T01:33:44.326065 #6715] DEBUG -- : REQUESTING PAGE: POST /jugar with {"nombre"=>""} and HTTP headers {"HTTP_REFERER"=>"/"}
D, [2014-11-06T01:33:44.329619 #6715] DEBUG -- : REQUESTING PAGE: GET /secreto with {} and HTTP headers {}
D, [2014-11-06T01:35:06.025144 #6729] DEBUG -- : REQUESTING PAGE: GET / with {} and HTTP headers {}
D, [2014-11-06T01:35:06.047281 #6729] DEBUG -- : REQUESTING PAGE: GET /secreto with {} and HTTP headers {}
D, [2014-11-06T01:35:06.050466 #6729] DEBUG -- : REQUESTING PAGE: POST /entrar_palabra with {"palabra"=>"loco"} and HTTP headers {"HTTP_REFERER"=>"/secreto"}
D, [2014-11-06T01:35:06.058130 #6729] DEBUG -- : REQUESTING PAGE: GET /secreto with {} and HTTP headers {}
D, [2014-11-06T01:35:06.060993 #6729] DEBUG -- : REQUESTING PAGE: POST /entrar_palabra with {"palabra"=>"loco"} and HTTP headers {"HTTP_REFERER"=>"/secreto"}
D, [2014-11-06T01:35:06.062503 #6729] DEBUG -- : REQUESTING PAGE: GET / with {} and HTTP headers {"HTTP_REFERER"=>"/entrar_palabra"}
D, [2014-11-06T01:35:06.064850 #6729] DEBUG -- : REQUESTING PAGE: POST /jugar with {"nombre"=>"Jorge"} and HTTP headers {"HTTP_REFERER"=>"/"}
D, [2014-11-06T01:35:06.070301 #6729] DEBUG -- : REQUESTING PAGE: GET / with {} and HTTP headers {}
D, [2014-11-06T01:35:06.072774 #6729] DEBUG -- : REQUESTING PAGE: POST /jugar with {"nombre"=>""} and HTTP headers {"HTTP_REFERER"=>"/"}
D, [2014-11-06T01:35:06.076329 #6729] DEBUG -- : REQUESTING PAGE: GET /secreto with {} and HTTP headers {}
D, [2014-11-06T01:53:32.067456 #7170] DEBUG -- : REQUESTING PAGE: GET / with {} and HTTP headers {}
D, [2014-11-06T01:53:32.085701 #7170] DEBUG -- : REQUESTING PAGE: GET /secreto with {} and HTTP headers {}
D, [2014-11-06T01:53:32.089933 #7170] DEBUG -- : REQUESTING PAGE: POST /entrar_palabra with {"palabra"=>"loco"} and HTTP headers {"HTTP_REFERER"=>"/secreto"}
D, [2014-11-06T01:53:32.100274 #7170] DEBUG -- : REQUESTING PAGE: GET /secreto with {} and HTTP headers {}
D, [2014-11-06T01:53:32.103109 #7170] DEBUG -- : REQUESTING PAGE: POST /entrar_palabra with {"palabra"=>"loco"} and HTTP headers {"HTTP_REFERER"=>"/secreto"}
D, [2014-11-06T01:53:32.104632 #7170] DEBUG -- : REQUESTING PAGE: GET / with {} and HTTP headers {"HTTP_REFERER"=>"/entrar_palabra"}
D, [2014-11-06T01:53:32.108899 #7170] DEBUG -- : REQUESTING PAGE: GET / with {} and HTTP headers {}
D, [2014-11-06T01:53:32.112704 #7170] DEBUG -- : REQUESTING PAGE: GET /secreto with {} and HTTP headers {}
D, [2014-11-06T01:56:51.070757 #7213] DEBUG -- : REQUESTING PAGE: GET / with {} and HTTP headers {}
D, [2014-11-06T01:56:51.088204 #7213] DEBUG -- : REQUESTING PAGE: GET /secreto with {} and HTTP headers {}
D, [2014-11-06T01:56:51.092479 #7213] DEBUG -- : REQUESTING PAGE: POST /entrar_palabra with {"palabra"=>"loco"} and HTTP headers {"HTTP_REFERER"=>"/secreto"}
D, [2014-11-06T01:56:51.100768 #7213] DEBUG -- : REQUESTING PAGE: GET /secreto with {} and HTTP headers {}
D, [2014-11-06T01:56:51.104893 #7213] DEBUG -- : REQUESTING PAGE: POST /entrar_palabra with {"palabra"=>"loco"} and HTTP headers {"HTTP_REFERER"=>"/secreto"}
D, [2014-11-06T01:56:51.106501 #7213] DEBUG -- : REQUESTING PAGE: GET / with {} and HTTP headers {"HTTP_REFERER"=>"/entrar_palabra"}
D, [2014-11-06T01:56:51.110541 #7213] DEBUG -- : REQUESTING PAGE: GET / with {} and HTTP headers {}
D, [2014-11-06T01:56:51.114200 #7213] DEBUG -- : REQUESTING PAGE: GET /secreto with {} and HTTP headers {}
D, [2014-11-06T01:59:59.093455 #7295] DEBUG -- : REQUESTING PAGE: GET / with {} and HTTP headers {}
D, [2014-11-06T02:00:00.164383 #7295] DEBUG -- : REQUESTING PAGE: GET /secreto with {} and HTTP headers {}
D, [2014-11-06T02:00:00.171452 #7295] DEBUG -- : REQUESTING PAGE: POST /entrar_palabra with {"palabra"=>"loco"} and HTTP headers {"HTTP_REFERER"=>"/secreto"}
D, [2014-11-06T02:00:00.189403 #7295] DEBUG -- : REQUESTING PAGE: GET /secreto with {} and HTTP headers {}
D, [2014-11-06T02:00:00.193942 #7295] DEBUG -- : REQUESTING PAGE: POST /entrar_palabra with {"palabra"=>"loco"} and HTTP headers {"HTTP_REFERER"=>"/secreto"}
D, [2014-11-06T02:00:00.198306 #7295] DEBUG -- : REQUESTING PAGE: GET / with {} and HTTP headers {"HTTP_REFERER"=>"/entrar_palabra"}
D, [2014-11-06T02:00:01.269629 #7295] DEBUG -- : REQUESTING PAGE: GET / with {} and HTTP headers {}
D, [2014-11-06T02:00:02.370897 #7295] DEBUG -- : REQUESTING PAGE: GET /secreto with {} and HTTP headers {}
D, [2014-11-06T02:04:01.461192 #7355] DEBUG -- : REQUESTING PAGE: GET / with {} and HTTP headers {}
D, [2014-11-06T02:04:01.484570 #7355] DEBUG -- : REQUESTING PAGE: GET /secreto with {} and HTTP headers {}
D, [2014-11-06T02:04:01.487746 #7355] DEBUG -- : REQUESTING PAGE: POST /entrar_palabra with {"palabra"=>"loco"} and HTTP headers {"HTTP_REFERER"=>"/secreto"}
D, [2014-11-06T02:04:01.494577 #7355] DEBUG -- : REQUESTING PAGE: GET /secreto with {} and HTTP headers {}
D, [2014-11-06T02:04:01.497473 #7355] DEBUG -- : REQUESTING PAGE: POST /entrar_palabra with {"palabra"=>"loco"} and HTTP headers {"HTTP_REFERER"=>"/secreto"}
D, [2014-11-06T02:04:01.499017 #7355] DEBUG -- : REQUESTING PAGE: GET / with {} and HTTP headers {"HTTP_REFERER"=>"/entrar_palabra"}
D, [2014-11-06T02:04:01.501425 #7355] DEBUG -- : REQUESTING PAGE: POST /jugar with {"nombre"=>"Jorge"} and HTTP headers {"HTTP_REFERER"=>"/"}
D, [2014-11-06T02:04:01.504810 #7355] DEBUG -- : REQUESTING PAGE: POST /jugar with {"letra"=>"p"} and HTTP headers {"HTTP_REFERER"=>"/jugar"}
D, [2014-11-06T02:04:01.508486 #7355] DEBUG -- : REQUESTING PAGE: GET / with {} and HTTP headers {}
D, [2014-11-06T02:04:01.510866 #7355] DEBUG -- : REQUESTING PAGE: POST /jugar with {"nombre"=>""} and HTTP headers {"HTTP_REFERER"=>"/"}
D, [2014-11-06T02:04:01.514280 #7355] DEBUG -- : REQUESTING PAGE: GET /secreto with {} and HTTP headers {}
D, [2014-11-06T02:06:24.557526 #7394] DEBUG -- : REQUESTING PAGE: GET / with {} and HTTP headers {}
D, [2014-11-06T02:06:24.579282 #7394] DEBUG -- : REQUESTING PAGE: GET /secreto with {} and HTTP headers {}
D, [2014-11-06T02:06:24.582323 #7394] DEBUG -- : REQUESTING PAGE: POST /entrar_palabra with {"palabra"=>"loco"} and HTTP headers {"HTTP_REFERER"=>"/secreto"}
D, [2014-11-06T02:06:24.589800 #7394] DEBUG -- : REQUESTING PAGE: GET /secreto with {} and HTTP headers {}
D, [2014-11-06T02:06:24.592719 #7394] DEBUG -- : REQUESTING PAGE: POST /entrar_palabra with {"palabra"=>"loco"} and HTTP headers {"HTTP_REFERER"=>"/secreto"}
D, [2014-11-06T02:06:24.594221 #7394] DEBUG -- : REQUESTING PAGE: GET / with {} and HTTP headers {"HTTP_REFERER"=>"/entrar_palabra"}
D, [2014-11-06T02:06:24.596615 #7394] DEBUG -- : REQUESTING PAGE: POST /jugar with {"nombre"=>"Jorge"} and HTTP headers {"HTTP_REFERER"=>"/"}
D, [2014-11-06T02:06:24.600512 #7394] DEBUG -- : REQUESTING PAGE: POST /jugar with {"letra"=>"p", "nombre"=>"Jorge"} and HTTP headers {"HTTP_REFERER"=>"/jugar"}
D, [2014-11-06T02:06:24.604503 #7394] DEBUG -- : REQUESTING PAGE: GET / with {} and HTTP headers {}
D, [2014-11-06T02:06:24.606931 #7394] DEBUG -- : REQUESTING PAGE: POST /jugar with {"nombre"=>""} and HTTP headers {"HTTP_REFERER"=>"/"}
D, [2014-11-06T02:06:24.610533 #7394] DEBUG -- : REQUESTING PAGE: GET /secreto with {} and HTTP headers {}
D, [2014-11-06T02:12:52.743880 #7466] DEBUG -- : REQUESTING PAGE: GET / with {} and HTTP headers {}
D, [2014-11-06T02:12:52.778523 #7466] DEBUG -- : REQUESTING PAGE: GET /secreto with {} and HTTP headers {}
D, [2014-11-06T02:12:52.782528 #7466] DEBUG -- : REQUESTING PAGE: POST /entrar_palabra with {"palabra"=>"loco"} and HTTP headers {"HTTP_REFERER"=>"/secreto"}
D, [2014-11-06T02:12:52.791839 #7466] DEBUG -- : REQUESTING PAGE: GET /secreto with {} and HTTP headers {}
D, [2014-11-06T02:12:52.794660 #7466] DEBUG -- : REQUESTING PAGE: POST /entrar_palabra with {"palabra"=>"loco"} and HTTP headers {"HTTP_REFERER"=>"/secreto"}
D, [2014-11-06T02:12:52.796246 #7466] DEBUG -- : REQUESTING PAGE: GET / with {} and HTTP headers {"HTTP_REFERER"=>"/entrar_palabra"}
D, [2014-11-06T02:12:52.798676 #7466] DEBUG -- : REQUESTING PAGE: POST /jugar with {"nombre"=>"Jorge"} and HTTP headers {"HTTP_REFERER"=>"/"}
D, [2014-11-06T02:12:52.804501 #7466] DEBUG -- : REQUESTING PAGE: POST /jugar with {"letra"=>"p", "nombre"=>"Jorge"} and HTTP headers {"HTTP_REFERER"=>"/jugar"}
D, [2014-11-06T02:12:52.809831 #7466] DEBUG -- : REQUESTING PAGE: GET / with {} and HTTP headers {}
D, [2014-11-06T02:12:52.812551 #7466] DEBUG -- : REQUESTING PAGE: POST /jugar with {"nombre"=>""} and HTTP headers {"HTTP_REFERER"=>"/"}
D, [2014-11-06T02:12:52.819098 #7466] DEBUG -- : REQUESTING PAGE: GET /secreto with {} and HTTP headers {}
D, [2014-11-06T02:13:28.815564 #7481] DEBUG -- : REQUESTING PAGE: GET / with {} and HTTP headers {}
D, [2014-11-06T02:13:28.841372 #7481] DEBUG -- : REQUESTING PAGE: GET /secreto with {} and HTTP headers {}
D, [2014-11-06T02:13:28.845922 #7481] DEBUG -- : REQUESTING PAGE: POST /entrar_palabra with {"palabra"=>"loco"} and HTTP headers {"HTTP_REFERER"=>"/secreto"}
D, [2014-11-06T02:13:28.852435 #7481] DEBUG -- : REQUESTING PAGE: GET /secreto with {} and HTTP headers {}
D, [2014-11-06T02:13:28.855176 #7481] DEBUG -- : REQUESTING PAGE: POST /entrar_palabra with {"palabra"=>"loco"} and HTTP headers {"HTTP_REFERER"=>"/secreto"}
D, [2014-11-06T02:13:28.856820 #7481] DEBUG -- : REQUESTING PAGE: GET / with {} and HTTP headers {"HTTP_REFERER"=>"/entrar_palabra"}
D, [2014-11-06T02:13:28.859458 #7481] DEBUG -- : REQUESTING PAGE: POST /jugar with {"nombre"=>"Jorge"} and HTTP headers {"HTTP_REFERER"=>"/"}
D, [2014-11-06T02:13:28.864962 #7481] DEBUG -- : REQUESTING PAGE: POST /jugar with {"letra"=>"p", "nombre"=>"Jorge"} and HTTP headers {"HTTP_REFERER"=>"/jugar"}
D, [2014-11-06T02:13:28.873880 #7481] DEBUG -- : REQUESTING PAGE: GET / with {} and HTTP headers {}
D, [2014-11-06T02:13:28.877935 #7481] DEBUG -- : REQUESTING PAGE: POST /jugar with {"nombre"=>""} and HTTP headers {"HTTP_REFERER"=>"/"}
D, [2014-11-06T02:13:28.886254 #7481] DEBUG -- : REQUESTING PAGE: GET /secreto with {} and HTTP headers {}
D, [2014-11-06T02:19:43.335416 #7522] DEBUG -- : REQUESTING PAGE: GET / with {} and HTTP headers {}
D, [2014-11-06T02:19:43.357502 #7522] DEBUG -- : REQUESTING PAGE: GET /secreto with {} and HTTP headers {}
D, [2014-11-06T02:19:43.360674 #7522] DEBUG -- : REQUESTING PAGE: POST /entrar_palabra with {"palabra"=>"loco"} and HTTP headers {"HTTP_REFERER"=>"/secreto"}
D, [2014-11-06T02:19:43.367822 #7522] DEBUG -- : REQUESTING PAGE: GET /secreto with {} and HTTP headers {}
D, [2014-11-06T02:19:43.370732 #7522] DEBUG -- : REQUESTING PAGE: POST /entrar_palabra with {"palabra"=>"loco"} and HTTP headers {"HTTP_REFERER"=>"/secreto"}
D, [2014-11-06T02:19:43.372329 #7522] DEBUG -- : REQUESTING PAGE: GET / with {} and HTTP headers {"HTTP_REFERER"=>"/entrar_palabra"}
D, [2014-11-06T02:19:43.374867 #7522] DEBUG -- : REQUESTING PAGE: POST /jugar with {"nombre"=>"Jorge"} and HTTP headers {"HTTP_REFERER"=>"/"}
D, [2014-11-06T02:19:43.378865 #7522] DEBUG -- : REQUESTING PAGE: POST /jugar with {"letra"=>"p", "nombre"=>"Jorge"} and HTTP headers {"HTTP_REFERER"=>"/jugar"}
D, [2014-11-06T02:19:43.382832 #7522] DEBUG -- : REQUESTING PAGE: GET / with {} and HTTP headers {}
D, [2014-11-06T02:19:43.385255 #7522] DEBUG -- : REQUESTING PAGE: POST /jugar with {"nombre"=>""} and HTTP headers {"HTTP_REFERER"=>"/"}
D, [2014-11-06T02:19:43.388805 #7522] DEBUG -- : REQUESTING PAGE: GET /secreto with {} and HTTP headers {}
D, [2014-11-06T02:21:05.988041 #7563] DEBUG -- : REQUESTING PAGE: GET / with {} and HTTP headers {}
D, [2014-11-06T02:21:06.009858 #7563] DEBUG -- : REQUESTING PAGE: GET /secreto with {} and HTTP headers {}
D, [2014-11-06T02:21:06.012907 #7563] DEBUG -- : REQUESTING PAGE: POST /entrar_palabra with {"palabra"=>"loco"} and HTTP headers {"HTTP_REFERER"=>"/secreto"}
D, [2014-11-06T02:21:06.018998 #7563] DEBUG -- : REQUESTING PAGE: GET /secreto with {} and HTTP headers {}
D, [2014-11-06T02:21:06.023215 #7563] DEBUG -- : REQUESTING PAGE: POST /entrar_palabra with {"palabra"=>"loco"} and HTTP headers {"HTTP_REFERER"=>"/secreto"}
D, [2014-11-06T02:21:06.024862 #7563] DEBUG -- : REQUESTING PAGE: GET / with {} and HTTP headers {"HTTP_REFERER"=>"/entrar_palabra"}
D, [2014-11-06T02:21:06.027243 #7563] DEBUG -- : REQUESTING PAGE: POST /jugar with {"nombre"=>"Jorge"} and HTTP headers {"HTTP_REFERER"=>"/"}
D, [2014-11-06T02:21:06.031126 #7563] DEBUG -- : REQUESTING PAGE: POST /jugar with {"letra"=>"p", "nombre"=>"Jorge"} and HTTP headers {"HTTP_REFERER"=>"/jugar"}
D, [2014-11-06T02:21:06.036767 #7563] DEBUG -- : REQUESTING PAGE: GET / with {} and HTTP headers {}
D, [2014-11-06T02:21:06.039423 #7563] DEBUG -- : REQUESTING PAGE: POST /jugar with {"nombre"=>""} and HTTP headers {"HTTP_REFERER"=>"/"}
D, [2014-11-06T02:21:06.043271 #7563] DEBUG -- : REQUESTING PAGE: GET /secreto with {} and HTTP headers {}
D, [2014-11-06T02:53:43.675574 #7950] DEBUG -- : REQUESTING PAGE: GET / with {} and HTTP headers {}
D, [2014-11-06T02:53:43.697118 #7950] DEBUG -- : REQUESTING PAGE: GET /secreto with {} and HTTP headers {}
D, [2014-11-06T02:53:43.700214 #7950] DEBUG -- : REQUESTING PAGE: POST /entrar_palabra with {"palabra"=>"loco"} and HTTP headers {"HTTP_REFERER"=>"/secreto"}
D, [2014-11-06T02:53:43.707403 #7950] DEBUG -- : REQUESTING PAGE: GET /secreto with {} and HTTP headers {}
D, [2014-11-06T02:53:43.710274 #7950] DEBUG -- : REQUESTING PAGE: POST /entrar_palabra with {"palabra"=>"loco"} and HTTP headers {"HTTP_REFERER"=>"/secreto"}
D, [2014-11-06T02:53:43.711758 #7950] DEBUG -- : REQUESTING PAGE: GET / with {} and HTTP headers {"HTTP_REFERER"=>"/entrar_palabra"}
D, [2014-11-06T02:53:43.714124 #7950] DEBUG -- : REQUESTING PAGE: POST /jugar with {"nombre"=>"Jorge"} and HTTP headers {"HTTP_REFERER"=>"/"}
D, [2014-11-06T02:53:43.718020 #7950] DEBUG -- : REQUESTING PAGE: POST /jugar with {"letra"=>"p", "nombre"=>"Jorge"} and HTTP headers {"HTTP_REFERER"=>"/jugar"}
D, [2014-11-06T02:53:43.723422 #7950] DEBUG -- : REQUESTING PAGE: GET / with {} and HTTP headers {}
D, [2014-11-06T02:53:43.725971 #7950] DEBUG -- : REQUESTING PAGE: POST /jugar with {"nombre"=>""} and HTTP headers {"HTTP_REFERER"=>"/"}
D, [2014-11-06T02:53:43.729575 #7950] DEBUG -- : REQUESTING PAGE: GET /secreto with {} and HTTP headers {}
D, [2014-11-06T02:54:34.568868 #7966] DEBUG -- : REQUESTING PAGE: GET / with {} and HTTP headers {}
D, [2014-11-06T02:54:34.590755 #7966] DEBUG -- : REQUESTING PAGE: GET /secreto with {} and HTTP headers {}
D, [2014-11-06T02:54:34.593882 #7966] DEBUG -- : REQUESTING PAGE: POST /entrar_palabra with {"palabra"=>"loco"} and HTTP headers {"HTTP_REFERER"=>"/secreto"}
D, [2014-11-06T02:54:34.601166 #7966] DEBUG -- : REQUESTING PAGE: GET /secreto with {} and HTTP headers {}
D, [2014-11-06T02:54:34.604069 #7966] DEBUG -- : REQUESTING PAGE: POST /entrar_palabra with {"palabra"=>"loco"} and HTTP headers {"HTTP_REFERER"=>"/secreto"}
D, [2014-11-06T02:54:34.605598 #7966] DEBUG -- : REQUESTING PAGE: GET / with {} and HTTP headers {"HTTP_REFERER"=>"/entrar_palabra"}
D, [2014-11-06T02:54:34.608014 #7966] DEBUG -- : REQUESTING PAGE: POST /jugar with {"nombre"=>"Jorge"} and HTTP headers {"HTTP_REFERER"=>"/"}
D, [2014-11-06T02:54:34.612015 #7966] DEBUG -- : REQUESTING PAGE: POST /jugar with {"letra"=>"p", "nombre"=>"Jorge"} and HTTP headers {"HTTP_REFERER"=>"/jugar"}
D, [2014-11-06T02:54:34.617516 #7966] DEBUG -- : REQUESTING PAGE: GET / with {} and HTTP headers {}
D, [2014-11-06T02:54:34.620056 #7966] DEBUG -- : REQUESTING PAGE: POST /jugar with {"nombre"=>""} and HTTP headers {"HTTP_REFERER"=>"/"}
D, [2014-11-06T02:54:34.623628 #7966] DEBUG -- : REQUESTING PAGE: GET /secreto with {} and HTTP headers {}
D, [2014-11-06T11:39:52.582023 #13987] DEBUG -- : REQUESTING PAGE: GET / with {} and HTTP headers {}
D, [2014-11-06T11:39:52.606124 #13987] DEBUG -- : REQUESTING PAGE: GET /secreto with {} and HTTP headers {}
D, [2014-11-06T11:39:52.609985 #13987] DEBUG -- : REQUESTING PAGE: POST /entrar_palabra with {"palabra"=>"loco"} and HTTP headers {"HTTP_REFERER"=>"/secreto"}
D, [2014-11-06T11:39:52.617282 #13987] DEBUG -- : REQUESTING PAGE: GET /secreto with {} and HTTP headers {}
D, [2014-11-06T11:39:52.620173 #13987] DEBUG -- : REQUESTING PAGE: POST /entrar_palabra with {"palabra"=>"loco"} and HTTP headers {"HTTP_REFERER"=>"/secreto"}
D, [2014-11-06T11:39:52.621669 #13987] DEBUG -- : REQUESTING PAGE: GET / with {} and HTTP headers {"HTTP_REFERER"=>"/entrar_palabra"}
D, [2014-11-06T11:39:52.624125 #13987] DEBUG -- : REQUESTING PAGE: POST /jugar with {"nombre"=>"Jorge"} and HTTP headers {"HTTP_REFERER"=>"/"}
D, [2014-11-06T11:39:52.628113 #13987] DEBUG -- : REQUESTING PAGE: POST /jugar with {"letra"=>"p", "nombre"=>"Jorge"} and HTTP headers {"HTTP_REFERER"=>"/jugar"}
D, [2014-11-06T11:39:52.634964 #13987] DEBUG -- : REQUESTING PAGE: GET / with {} and HTTP headers {}
D, [2014-11-06T11:39:52.637563 #13987] DEBUG -- : REQUESTING PAGE: POST /jugar with {"nombre"=>""} and HTTP headers {"HTTP_REFERER"=>"/"}
D, [2014-11-06T11:39:52.641591 #13987] DEBUG -- : REQUESTING PAGE: GET /secreto with {} and HTTP headers {}
D, [2014-11-06T11:42:07.599412 #14063] DEBUG -- : REQUESTING PAGE: GET / with {} and HTTP headers {}
D, [2014-11-06T11:42:07.623869 #14063] DEBUG -- : REQUESTING PAGE: GET /secreto with {} and HTTP headers {}
D, [2014-11-06T11:42:07.628396 #14063] DEBUG -- : REQUESTING PAGE: POST /entrar_palabra with {"palabra"=>"loco"} and HTTP headers {"HTTP_REFERER"=>"/secreto"}
D, [2014-11-06T11:42:07.635521 #14063] DEBUG -- : REQUESTING PAGE: GET /secreto with {} and HTTP headers {}
D, [2014-11-06T11:42:07.638344 #14063] DEBUG -- : REQUESTING PAGE: POST /entrar_palabra with {"palabra"=>"loco"} and HTTP headers {"HTTP_REFERER"=>"/secreto"}
D, [2014-11-06T11:42:07.639918 #14063] DEBUG -- : REQUESTING PAGE: GET / with {} and HTTP headers {"HTTP_REFERER"=>"/entrar_palabra"}
D, [2014-11-06T11:42:07.642467 #14063] DEBUG -- : REQUESTING PAGE: POST /jugar with {"nombre"=>"Jorge"} and HTTP headers {"HTTP_REFERER"=>"/"}
D, [2014-11-06T11:42:07.646602 #14063] DEBUG -- : REQUESTING PAGE: POST /jugar with {"letra"=>"p", "nombre"=>"Jorge"} and HTTP headers {"HTTP_REFERER"=>"/jugar"}
D, [2014-11-06T11:42:07.652893 #14063] DEBUG -- : REQUESTING PAGE: GET / with {} and HTTP headers {}
D, [2014-11-06T11:42:07.655446 #14063] DEBUG -- : REQUESTING PAGE: POST /jugar with {"nombre"=>""} and HTTP headers {"HTTP_REFERER"=>"/"}
D, [2014-11-06T11:42:07.661684 #14063] DEBUG -- : REQUESTING PAGE: GET /secreto with {} and HTTP headers {}
D, [2014-11-06T11:58:09.826385 #14343] DEBUG -- : REQUESTING PAGE: GET / with {} and HTTP headers {}
D, [2014-11-06T11:58:09.868264 #14343] DEBUG -- : REQUESTING PAGE: GET /secreto with {} and HTTP headers {}
D, [2014-11-06T11:58:09.872958 #14343] DEBUG -- : REQUESTING PAGE: POST /entrar_palabra with {"palabra"=>"loco"} and HTTP headers {"HTTP_REFERER"=>"/secreto"}
D, [2014-11-06T11:58:09.881245 #14343] DEBUG -- : REQUESTING PAGE: GET /secreto with {} and HTTP headers {}
D, [2014-11-06T11:58:09.886947 #14343] DEBUG -- : REQUESTING PAGE: POST /entrar_palabra with {"palabra"=>"loco"} and HTTP headers {"HTTP_REFERER"=>"/secreto"}
D, [2014-11-06T11:58:09.890283 #14343] DEBUG -- : REQUESTING PAGE: GET / with {} and HTTP headers {"HTTP_REFERER"=>"/entrar_palabra"}
D, [2014-11-06T11:58:09.893463 #14343] DEBUG -- : REQUESTING PAGE: POST /jugar with {"nombre"=>"Jorge"} and HTTP headers {"HTTP_REFERER"=>"/"}
D, [2014-11-06T11:58:09.904359 #14343] DEBUG -- : REQUESTING PAGE: POST /jugar with {"letra"=>"p", "nombre"=>"Jorge"} and HTTP headers {"HTTP_REFERER"=>"/jugar"}
D, [2014-11-06T11:58:09.909040 #14343] DEBUG -- : REQUESTING PAGE: GET / with {} and HTTP headers {}
D, [2014-11-06T11:58:09.915972 #14343] DEBUG -- : REQUESTING PAGE: POST /jugar with {"nombre"=>""} and HTTP headers {"HTTP_REFERER"=>"/"}
D, [2014-11-06T11:58:09.923838 #14343] DEBUG -- : REQUESTING PAGE: GET /secreto with {} and HTTP headers {}
D, [2014-11-06T20:11:58.419834 #16768] DEBUG -- : REQUESTING PAGE: GET / with {} and HTTP headers {}
D, [2014-11-06T20:11:58.444970 #16768] DEBUG -- : REQUESTING PAGE: GET /secreto with {} and HTTP headers {}
D, [2014-11-06T20:11:58.449294 #16768] DEBUG -- : REQUESTING PAGE: POST /entrar_palabra with {"palabra"=>"loco"} and HTTP headers {"HTTP_REFERER"=>"/secreto"}
D, [2014-11-06T20:11:58.456124 #16768] DEBUG -- : REQUESTING PAGE: GET /secreto with {} and HTTP headers {}
D, [2014-11-06T20:11:58.458984 #16768] DEBUG -- : REQUESTING PAGE: POST /entrar_palabra with {"palabra"=>"loco"} and HTTP headers {"HTTP_REFERER"=>"/secreto"}
D, [2014-11-06T20:11:58.460543 #16768] DEBUG -- : REQUESTING PAGE: GET / with {} and HTTP headers {"HTTP_REFERER"=>"/entrar_palabra"}
D, [2014-11-06T20:11:58.462893 #16768] DEBUG -- : REQUESTING PAGE: POST /jugar with {"nombre"=>"Jorge"} and HTTP headers {"HTTP_REFERER"=>"/"}
D, [2014-11-06T20:11:58.466871 #16768] DEBUG -- : REQUESTING PAGE: POST /jugar with {"letra"=>"p", "nombre"=>"Jorge"} and HTTP headers {"HTTP_REFERER"=>"/jugar"}
D, [2014-11-06T20:11:58.470832 #16768] DEBUG -- : REQUESTING PAGE: GET /secreto with {} and HTTP headers {}
D, [2014-11-06T20:11:58.473573 #16768] DEBUG -- : REQUESTING PAGE: POST /entrar_palabra with {"palabra"=>"loco"} and HTTP headers {"HTTP_REFERER"=>"/secreto"}
D, [2014-11-06T20:11:58.475072 #16768] DEBUG -- : REQUESTING PAGE: GET / with {} and HTTP headers {"HTTP_REFERER"=>"/entrar_palabra"}
D, [2014-11-06T20:11:58.477599 #16768] DEBUG -- : REQUESTING PAGE: POST /jugar with {"nombre"=>"Jorge"} and HTTP headers {"HTTP_REFERER"=>"/"}
D, [2014-11-06T20:11:58.483327 #16768] DEBUG -- : REQUESTING PAGE: POST /jugar with {"letra"=>"o", "nombre"=>"Jorge"} and HTTP headers {"HTTP_REFERER"=>"/jugar"}
D, [2014-11-06T20:11:58.488301 #16768] DEBUG -- : REQUESTING PAGE: GET / with {} and HTTP headers {}
D, [2014-11-06T20:11:58.490789 #16768] DEBUG -- : REQUESTING PAGE: POST /jugar with {"nombre"=>""} and HTTP headers {"HTTP_REFERER"=>"/"}
D, [2014-11-06T20:11:58.494437 #16768] DEBUG -- : REQUESTING PAGE: GET /secreto with {} and HTTP headers {}
D, [2014-11-06T20:13:28.146173 #16787] DEBUG -- : REQUESTING PAGE: GET / with {} and HTTP headers {}
D, [2014-11-06T20:13:28.168070 #16787] DEBUG -- : REQUESTING PAGE: GET /secreto with {} and HTTP headers {}
D, [2014-11-06T20:13:28.171115 #16787] DEBUG -- : REQUESTING PAGE: POST /entrar_palabra with {"palabra"=>"loco"} and HTTP headers {"HTTP_REFERER"=>"/secreto"}
D, [2014-11-06T20:13:28.178660 #16787] DEBUG -- : REQUESTING PAGE: GET /secreto with {} and HTTP headers {}
D, [2014-11-06T20:13:28.181534 #16787] DEBUG -- : REQUESTING PAGE: POST /entrar_palabra with {"palabra"=>"loco"} and HTTP headers {"HTTP_REFERER"=>"/secreto"}
D, [2014-11-06T20:13:28.183052 #16787] DEBUG -- : REQUESTING PAGE: GET / with {} and HTTP headers {"HTTP_REFERER"=>"/entrar_palabra"}
D, [2014-11-06T20:13:28.185485 #16787] DEBUG -- : REQUESTING PAGE: POST /jugar with {"nombre"=>"Jorge"} and HTTP headers {"HTTP_REFERER"=>"/"}
D, [2014-11-06T20:13:28.189466 #16787] DEBUG -- : REQUESTING PAGE: POST /jugar with {"letra"=>"p", "nombre"=>"Jorge"} and HTTP headers {"HTTP_REFERER"=>"/jugar"}
D, [2014-11-06T20:13:28.193463 #16787] DEBUG -- : REQUESTING PAGE: GET /secreto with {} and HTTP headers {}
D, [2014-11-06T20:13:28.196226 #16787] DEBUG -- : REQUESTING PAGE: POST /entrar_palabra with {"palabra"=>"loco"} and HTTP headers {"HTTP_REFERER"=>"/secreto"}
D, [2014-11-06T20:13:28.197740 #16787] DEBUG -- : REQUESTING PAGE: GET / with {} and HTTP headers {"HTTP_REFERER"=>"/entrar_palabra"}
D, [2014-11-06T20:13:28.200123 #16787] DEBUG -- : REQUESTING PAGE: POST /jugar with {"nombre"=>"Jorge"} and HTTP headers {"HTTP_REFERER"=>"/"}
D, [2014-11-06T20:13:28.204036 #16787] DEBUG -- : REQUESTING PAGE: POST /jugar with {"letra"=>"o", "nombre"=>"Jorge"} and HTTP headers {"HTTP_REFERER"=>"/jugar"}
D, [2014-11-06T20:13:28.210304 #16787] DEBUG -- : REQUESTING PAGE: GET /secreto with {} and HTTP headers {}
D, [2014-11-06T20:13:28.213229 #16787] DEBUG -- : REQUESTING PAGE: POST /entrar_palabra with {"palabra"=>"l"} and HTTP headers {"HTTP_REFERER"=>"/secreto"}
D, [2014-11-06T20:13:28.214756 #16787] DEBUG -- : REQUESTING PAGE: GET / with {} and HTTP headers {"HTTP_REFERER"=>"/entrar_palabra"}
D, [2014-11-06T20:13:28.217130 #16787] DEBUG -- : REQUESTING PAGE: POST /jugar with {"nombre"=>"Jorge"} and HTTP headers {"HTTP_REFERER"=>"/"}
D, [2014-11-06T20:13:28.221119 #16787] DEBUG -- : REQUESTING PAGE: POST /jugar with {"letra"=>"l", "nombre"=>"Jorge"} and HTTP headers {"HTTP_REFERER"=>"/jugar"}
D, [2014-11-06T20:13:28.224706 #16787] DEBUG -- : REQUESTING PAGE: GET / with {} and HTTP headers {}
D, [2014-11-06T20:13:28.227116 #16787] DEBUG -- : REQUESTING PAGE: POST /jugar with {"nombre"=>""} and HTTP headers {"HTTP_REFERER"=>"/"}
D, [2014-11-06T20:13:28.230717 #16787] DEBUG -- : REQUESTING PAGE: GET /secreto with {} and HTTP headers {}
D, [2014-11-06T20:14:27.190726 #16808] DEBUG -- : REQUESTING PAGE: GET / with {} and HTTP headers {}
D, [2014-11-06T20:14:27.212651 #16808] DEBUG -- : REQUESTING PAGE: GET /secreto with {} and HTTP headers {}
D, [2014-11-06T20:14:27.215738 #16808] DEBUG -- : REQUESTING PAGE: POST /entrar_palabra with {"palabra"=>"loco"} and HTTP headers {"HTTP_REFERER"=>"/secreto"}
D, [2014-11-06T20:14:27.222872 #16808] DEBUG -- : REQUESTING PAGE: GET /secreto with {} and HTTP headers {}
D, [2014-11-06T20:14:27.225809 #16808] DEBUG -- : REQUESTING PAGE: POST /entrar_palabra with {"palabra"=>"loco"} and HTTP headers {"HTTP_REFERER"=>"/secreto"}
D, [2014-11-06T20:14:27.227344 #16808] DEBUG -- : REQUESTING PAGE: GET / with {} and HTTP headers {"HTTP_REFERER"=>"/entrar_palabra"}
D, [2014-11-06T20:14:27.229826 #16808] DEBUG -- : REQUESTING PAGE: POST /jugar with {"nombre"=>"Jorge"} and HTTP headers {"HTTP_REFERER"=>"/"}
D, [2014-11-06T20:14:27.233837 #16808] DEBUG -- : REQUESTING PAGE: POST /jugar with {"letra"=>"p", "nombre"=>"Jorge"} and HTTP headers {"HTTP_REFERER"=>"/jugar"}
D, [2014-11-06T20:14:27.237781 #16808] DEBUG -- : REQUESTING PAGE: GET /secreto with {} and HTTP headers {}
D, [2014-11-06T20:14:27.240601 #16808] DEBUG -- : REQUESTING PAGE: POST /entrar_palabra with {"palabra"=>"loco"} and HTTP headers {"HTTP_REFERER"=>"/secreto"}
D, [2014-11-06T20:14:27.242113 #16808] DEBUG -- : REQUESTING PAGE: GET / with {} and HTTP headers {"HTTP_REFERER"=>"/entrar_palabra"}
D, [2014-11-06T20:14:27.244521 #16808] DEBUG -- : REQUESTING PAGE: POST /jugar with {"nombre"=>"Jorge"} and HTTP headers {"HTTP_REFERER"=>"/"}
D, [2014-11-06T20:14:27.248462 #16808] DEBUG -- : REQUESTING PAGE: POST /jugar with {"letra"=>"o", "nombre"=>"Jorge"} and HTTP headers {"HTTP_REFERER"=>"/jugar"}
D, [2014-11-06T20:14:27.253427 #16808] DEBUG -- : REQUESTING PAGE: GET /secreto with {} and HTTP headers {}
D, [2014-11-06T20:14:27.257470 #16808] DEBUG -- : REQUESTING PAGE: POST /entrar_palabra with {"palabra"=>"l"} and HTTP headers {"HTTP_REFERER"=>"/secreto"}
D, [2014-11-06T20:14:27.259099 #16808] DEBUG -- : REQUESTING PAGE: GET / with {} and HTTP headers {"HTTP_REFERER"=>"/entrar_palabra"}
D, [2014-11-06T20:14:27.261532 #16808] DEBUG -- : REQUESTING PAGE: POST /jugar with {"nombre"=>"Jorge"} and HTTP headers {"HTTP_REFERER"=>"/"}
D, [2014-11-06T20:14:27.265498 #16808] DEBUG -- : REQUESTING PAGE: POST /jugar with {"letra"=>"l", "nombre"=>"Jorge"} and HTTP headers {"HTTP_REFERER"=>"/jugar"}
D, [2014-11-06T20:14:27.269055 #16808] DEBUG -- : REQUESTING PAGE: GET / with {} and HTTP headers {}
D, [2014-11-06T20:14:27.271467 #16808] DEBUG -- : REQUESTING PAGE: POST /jugar with {"nombre"=>""} and HTTP headers {"HTTP_REFERER"=>"/"}
D, [2014-11-06T20:14:27.275100 #16808] DEBUG -- : REQUESTING PAGE: GET /secreto with {} and HTTP headers {}
D, [2014-11-06T20:31:13.993647 #16893] DEBUG -- : REQUESTING PAGE: GET / with {} and HTTP headers {}
D, [2014-11-06T20:31:14.016553 #16893] DEBUG -- : REQUESTING PAGE: GET /secreto with {} and HTTP headers {}
D, [2014-11-06T20:31:14.020368 #16893] DEBUG -- : REQUESTING PAGE: POST /entrar_palabra with {"palabra"=>"loco"} and HTTP headers {"HTTP_REFERER"=>"/secreto"}
D, [2014-11-06T20:31:14.027931 #16893] DEBUG -- : REQUESTING PAGE: GET /secreto with {} and HTTP headers {}
D, [2014-11-06T20:31:14.030779 #16893] DEBUG -- : REQUESTING PAGE: POST /entrar_palabra with {"palabra"=>"loco"} and HTTP headers {"HTTP_REFERER"=>"/secreto"}
D, [2014-11-06T20:31:14.032671 #16893] DEBUG -- : REQUESTING PAGE: GET / with {} and HTTP headers {"HTTP_REFERER"=>"/entrar_palabra"}
D, [2014-11-06T20:31:14.035791 #16893] DEBUG -- : REQUESTING PAGE: POST /jugar with {"nombre"=>"Jorge"} and HTTP headers {"HTTP_REFERER"=>"/"}
D, [2014-11-06T20:31:14.039998 #16893] DEBUG -- : REQUESTING PAGE: POST /jugar with {"letra"=>"p", "nombre"=>"Jorge"} and HTTP headers {"HTTP_REFERER"=>"/jugar"}
D, [2014-11-06T20:31:14.044391 #16893] DEBUG -- : REQUESTING PAGE: GET /secreto with {} and HTTP headers {}
D, [2014-11-06T20:31:14.047244 #16893] DEBUG -- : REQUESTING PAGE: POST /entrar_palabra with {"palabra"=>"loco"} and HTTP headers {"HTTP_REFERER"=>"/secreto"}
D, [2014-11-06T20:31:14.048875 #16893] DEBUG -- : REQUESTING PAGE: GET / with {} and HTTP headers {"HTTP_REFERER"=>"/entrar_palabra"}
D, [2014-11-06T20:31:14.051299 #16893] DEBUG -- : REQUESTING PAGE: POST /jugar with {"nombre"=>"Jorge"} and HTTP headers {"HTTP_REFERER"=>"/"}
D, [2014-11-06T20:31:14.057663 #16893] DEBUG -- : REQUESTING PAGE: POST /jugar with {"letra"=>"o", "nombre"=>"Jorge"} and HTTP headers {"HTTP_REFERER"=>"/jugar"}
D, [2014-11-06T20:31:14.063686 #16893] DEBUG -- : REQUESTING PAGE: GET /secreto with {} and HTTP headers {}
D, [2014-11-06T20:31:14.066542 #16893] DEBUG -- : REQUESTING PAGE: POST /entrar_palabra with {"palabra"=>"l"} and HTTP headers {"HTTP_REFERER"=>"/secreto"}
D, [2014-11-06T20:31:14.068087 #16893] DEBUG -- : REQUESTING PAGE: GET / with {} and HTTP headers {"HTTP_REFERER"=>"/entrar_palabra"}
D, [2014-11-06T20:31:14.070587 #16893] DEBUG -- : REQUESTING PAGE: POST /jugar with {"nombre"=>"Jorge"} and HTTP headers {"HTTP_REFERER"=>"/"}
D, [2014-11-06T20:31:14.074912 #16893] DEBUG -- : REQUESTING PAGE: POST /jugar with {"letra"=>"l", "nombre"=>"Jorge"} and HTTP headers {"HTTP_REFERER"=>"/jugar"}
D, [2014-11-06T20:31:14.078586 #16893] DEBUG -- : REQUESTING PAGE: GET /secreto with {} and HTTP headers {}
D, [2014-11-06T20:31:14.081575 #16893] DEBUG -- : REQUESTING PAGE: POST /entrar_palabra with {"palabra"=>"l"} and HTTP headers {"HTTP_REFERER"=>"/secreto"}
D, [2014-11-06T20:31:14.083748 #16893] DEBUG -- : REQUESTING PAGE: GET / with {} and HTTP headers {"HTTP_REFERER"=>"/entrar_palabra"}
D, [2014-11-06T20:31:14.087773 #16893] DEBUG -- : REQUESTING PAGE: POST /jugar with {"nombre"=>"Jorge"} and HTTP headers {"HTTP_REFERER"=>"/"}
D, [2014-11-06T20:31:14.093911 #16893] DEBUG -- : REQUESTING PAGE: GET / with {} and HTTP headers {}
D, [2014-11-06T20:31:14.096716 #16893] DEBUG -- : REQUESTING PAGE: POST /jugar with {"nombre"=>""} and HTTP headers {"HTTP_REFERER"=>"/"}
D, [2014-11-06T20:31:14.100681 #16893] DEBUG -- : REQUESTING PAGE: GET /secreto with {} and HTTP headers {}
D, [2014-11-06T20:39:13.506558 #16978] DEBUG -- : REQUESTING PAGE: GET / with {} and HTTP headers {}
D, [2014-11-06T20:39:13.529129 #16978] DEBUG -- : REQUESTING PAGE: GET /secreto with {} and HTTP headers {}
D, [2014-11-06T20:39:13.532876 #16978] DEBUG -- : REQUESTING PAGE: POST /entrar_palabra with {"palabra"=>"loco"} and HTTP headers {"HTTP_REFERER"=>"/secreto"}
D, [2014-11-06T20:39:13.540242 #16978] DEBUG -- : REQUESTING PAGE: GET /secreto with {} and HTTP headers {}
D, [2014-11-06T20:39:13.543035 #16978] DEBUG -- : REQUESTING PAGE: POST /entrar_palabra with {"palabra"=>"loco"} and HTTP headers {"HTTP_REFERER"=>"/secreto"}
D, [2014-11-06T20:39:13.544559 #16978] DEBUG -- : REQUESTING PAGE: GET / with {} and HTTP headers {"HTTP_REFERER"=>"/entrar_palabra"}
D, [2014-11-06T20:39:13.546955 #16978] DEBUG -- : REQUESTING PAGE: POST /jugar with {"nombre"=>"Jorge"} and HTTP headers {"HTTP_REFERER"=>"/"}
D, [2014-11-06T20:39:13.550942 #16978] DEBUG -- : REQUESTING PAGE: POST /jugar with {"letra"=>"p", "nombre"=>"Jorge"} and HTTP headers {"HTTP_REFERER"=>"/jugar"}
D, [2014-11-06T20:39:13.554993 #16978] DEBUG -- : REQUESTING PAGE: GET /secreto with {} and HTTP headers {}
D, [2014-11-06T20:39:13.557699 #16978] DEBUG -- : REQUESTING PAGE: POST /entrar_palabra with {"palabra"=>"loco"} and HTTP headers {"HTTP_REFERER"=>"/secreto"}
D, [2014-11-06T20:39:13.559207 #16978] DEBUG -- : REQUESTING PAGE: GET / with {} and HTTP headers {"HTTP_REFERER"=>"/entrar_palabra"}
D, [2014-11-06T20:39:13.561568 #16978] DEBUG -- : REQUESTING PAGE: POST /jugar with {"nombre"=>"Jorge"} and HTTP headers {"HTTP_REFERER"=>"/"}
D, [2014-11-06T20:39:13.565796 #16978] DEBUG -- : REQUESTING PAGE: POST /jugar with {"letra"=>"o", "nombre"=>"Jorge"} and HTTP headers {"HTTP_REFERER"=>"/jugar"}
D, [2014-11-06T20:39:13.572688 #16978] DEBUG -- : REQUESTING PAGE: GET /secreto with {} and HTTP headers {}
D, [2014-11-06T20:39:13.575534 #16978] DEBUG -- : REQUESTING PAGE: POST /entrar_palabra with {"palabra"=>"l"} and HTTP headers {"HTTP_REFERER"=>"/secreto"}
D, [2014-11-06T20:39:13.577085 #16978] DEBUG -- : REQUESTING PAGE: GET / with {} and HTTP headers {"HTTP_REFERER"=>"/entrar_palabra"}
D, [2014-11-06T20:39:13.579457 #16978] DEBUG -- : REQUESTING PAGE: POST /jugar with {"nombre"=>"Jorge"} and HTTP headers {"HTTP_REFERER"=>"/"}
D, [2014-11-06T20:39:13.583431 #16978] DEBUG -- : REQUESTING PAGE: POST /jugar with {"letra"=>"l", "nombre"=>"Jorge"} and HTTP headers {"HTTP_REFERER"=>"/jugar"}
D, [2014-11-06T20:39:13.586875 #16978] DEBUG -- : REQUESTING PAGE: GET /secreto with {} and HTTP headers {}
D, [2014-11-06T20:39:13.589574 #16978] DEBUG -- : REQUESTING PAGE: POST /entrar_palabra with {"palabra"=>"l"} and HTTP headers {"HTTP_REFERER"=>"/secreto"}
D, [2014-11-06T20:39:13.591047 #16978] DEBUG -- : REQUESTING PAGE: GET / with {} and HTTP headers {"HTTP_REFERER"=>"/entrar_palabra"}
D, [2014-11-06T20:39:13.593401 #16978] DEBUG -- : REQUESTING PAGE: POST /jugar with {"nombre"=>"Jorge"} and HTTP headers {"HTTP_REFERER"=>"/"}
D, [2014-11-06T20:39:13.599962 #16978] DEBUG -- : REQUESTING PAGE: GET / with {} and HTTP headers {}
D, [2014-11-06T20:39:13.603948 #16978] DEBUG -- : REQUESTING PAGE: POST /jugar with {"nombre"=>""} and HTTP headers {"HTTP_REFERER"=>"/"}
D, [2014-11-06T20:39:13.607975 #16978] DEBUG -- : REQUESTING PAGE: GET /secreto with {} and HTTP headers {}
D, [2014-11-06T20:41:15.412203 #16996] DEBUG -- : REQUESTING PAGE: GET / with {} and HTTP headers {}
D, [2014-11-06T20:41:15.434618 #16996] DEBUG -- : REQUESTING PAGE: GET /secreto with {} and HTTP headers {}
D, [2014-11-06T20:41:15.438351 #16996] DEBUG -- : REQUESTING PAGE: POST /entrar_palabra with {"palabra"=>"loco"} and HTTP headers {"HTTP_REFERER"=>"/secreto"}
D, [2014-11-06T20:41:15.445628 #16996] DEBUG -- : REQUESTING PAGE: GET /secreto with {} and HTTP headers {}
D, [2014-11-06T20:41:15.448536 #16996] DEBUG -- : REQUESTING PAGE: POST /entrar_palabra with {"palabra"=>"loco"} and HTTP headers {"HTTP_REFERER"=>"/secreto"}
D, [2014-11-06T20:41:15.450287 #16996] DEBUG -- : REQUESTING PAGE: GET / with {} and HTTP headers {"HTTP_REFERER"=>"/entrar_palabra"}
D, [2014-11-06T20:41:15.452912 #16996] DEBUG -- : REQUESTING PAGE: POST /jugar with {"nombre"=>"Jorge"} and HTTP headers {"HTTP_REFERER"=>"/"}
D, [2014-11-06T20:41:15.456911 #16996] DEBUG -- : REQUESTING PAGE: POST /jugar with {"letra"=>"p", "nombre"=>"Jorge"} and HTTP headers {"HTTP_REFERER"=>"/jugar"}
D, [2014-11-06T20:41:15.460981 #16996] DEBUG -- : REQUESTING PAGE: GET /secreto with {} and HTTP headers {}
D, [2014-11-06T20:41:15.463665 #16996] DEBUG -- : REQUESTING PAGE: POST /entrar_palabra with {"palabra"=>"loco"} and HTTP headers {"HTTP_REFERER"=>"/secreto"}
D, [2014-11-06T20:41:15.465171 #16996] DEBUG -- : REQUESTING PAGE: GET / with {} and HTTP headers {"HTTP_REFERER"=>"/entrar_palabra"}
D, [2014-11-06T20:41:15.467525 #16996] DEBUG -- : REQUESTING PAGE: POST /jugar with {"nombre"=>"Jorge"} and HTTP headers {"HTTP_REFERER"=>"/"}
D, [2014-11-06T20:41:15.472430 #16996] DEBUG -- : REQUESTING PAGE: POST /jugar with {"letra"=>"o", "nombre"=>"Jorge"} and HTTP headers {"HTTP_REFERER"=>"/jugar"}
D, [2014-11-06T20:41:15.478649 #16996] DEBUG -- : REQUESTING PAGE: GET /secreto with {} and HTTP headers {}
D, [2014-11-06T20:41:15.481525 #16996] DEBUG -- : REQUESTING PAGE: POST /entrar_palabra with {"palabra"=>"l"} and HTTP headers {"HTTP_REFERER"=>"/secreto"}
D, [2014-11-06T20:41:15.483132 #16996] DEBUG -- : REQUESTING PAGE: GET / with {} and HTTP headers {"HTTP_REFERER"=>"/entrar_palabra"}
D, [2014-11-06T20:41:15.485539 #16996] DEBUG -- : REQUESTING PAGE: POST /jugar with {"nombre"=>"Jorge"} and HTTP headers {"HTTP_REFERER"=>"/"}
D, [2014-11-06T20:41:15.489493 #16996] DEBUG -- : REQUESTING PAGE: POST /jugar with {"letra"=>"l", "nombre"=>"Jorge"} and HTTP headers {"HTTP_REFERER"=>"/jugar"}
D, [2014-11-06T20:41:15.492926 #16996] DEBUG -- : REQUESTING PAGE: GET /secreto with {} and HTTP headers {}
D, [2014-11-06T20:41:15.495614 #16996] DEBUG -- : REQUESTING PAGE: POST /entrar_palabra with {"palabra"=>"l"} and HTTP headers {"HTTP_REFERER"=>"/secreto"}
D, [2014-11-06T20:41:15.497089 #16996] DEBUG -- : REQUESTING PAGE: GET / with {} and HTTP headers {"HTTP_REFERER"=>"/entrar_palabra"}
D, [2014-11-06T20:41:15.499433 #16996] DEBUG -- : REQUESTING PAGE: POST /jugar with {"nombre"=>"Jorge"} and HTTP headers {"HTTP_REFERER"=>"/"}
D, [2014-11-06T20:41:15.505669 #16996] DEBUG -- : REQUESTING PAGE: GET / with {} and HTTP headers {}
D, [2014-11-06T20:41:15.509398 #16996] DEBUG -- : REQUESTING PAGE: POST /jugar with {"nombre"=>""} and HTTP headers {"HTTP_REFERER"=>"/"}
D, [2014-11-06T20:41:15.513384 #16996] DEBUG -- : REQUESTING PAGE: GET /secreto with {} and HTTP headers {}
D, [2014-11-06T20:41:21.854476 #17011] DEBUG -- : REQUESTING PAGE: GET / with {} and HTTP headers {}
D, [2014-11-06T20:41:21.875984 #17011] DEBUG -- : REQUESTING PAGE: GET /secreto with {} and HTTP headers {}
D, [2014-11-06T20:41:21.879030 #17011] DEBUG -- : REQUESTING PAGE: POST /entrar_palabra with {"palabra"=>"loco"} and HTTP headers {"HTTP_REFERER"=>"/secreto"}
D, [2014-11-06T20:41:21.886883 #17011] DEBUG -- : REQUESTING PAGE: GET /secreto with {} and HTTP headers {}
D, [2014-11-06T20:41:21.893766 #17011] DEBUG -- : REQUESTING PAGE: POST /entrar_palabra with {"palabra"=>"loco"} and HTTP headers {"HTTP_REFERER"=>"/secreto"}
D, [2014-11-06T20:41:21.896475 #17011] DEBUG -- : REQUESTING PAGE: GET / with {} and HTTP headers {"HTTP_REFERER"=>"/entrar_palabra"}
D, [2014-11-06T20:41:21.898804 #17011] DEBUG -- : REQUESTING PAGE: POST /jugar with {"nombre"=>"Jorge"} and HTTP headers {"HTTP_REFERER"=>"/"}
D, [2014-11-06T20:41:21.902776 #17011] DEBUG -- : REQUESTING PAGE: POST /jugar with {"letra"=>"p", "nombre"=>"Jorge"} and HTTP headers {"HTTP_REFERER"=>"/jugar"}
D, [2014-11-06T20:41:21.906883 #17011] DEBUG -- : REQUESTING PAGE: GET /secreto with {} and HTTP headers {}
D, [2014-11-06T20:41:21.909579 #17011] DEBUG -- : REQUESTING PAGE: POST /entrar_palabra with {"palabra"=>"loco"} and HTTP headers {"HTTP_REFERER"=>"/secreto"}
D, [2014-11-06T20:41:21.911047 #17011] DEBUG -- : REQUESTING PAGE: GET / with {} and HTTP headers {"HTTP_REFERER"=>"/entrar_palabra"}
D, [2014-11-06T20:41:21.913635 #17011] DEBUG -- : REQUESTING PAGE: POST /jugar with {"nombre"=>"Jorge"} and HTTP headers {"HTTP_REFERER"=>"/"}
D, [2014-11-06T20:41:21.917564 #17011] DEBUG -- : REQUESTING PAGE: POST /jugar with {"letra"=>"o", "nombre"=>"Jorge"} and HTTP headers {"HTTP_REFERER"=>"/jugar"}
D, [2014-11-06T20:41:21.921545 #17011] DEBUG -- : REQUESTING PAGE: GET /secreto with {} and HTTP headers {}
D, [2014-11-06T20:41:21.924192 #17011] DEBUG -- : REQUESTING PAGE: POST /entrar_palabra with {"palabra"=>"l"} and HTTP headers {"HTTP_REFERER"=>"/secreto"}
D, [2014-11-06T20:41:21.925648 #17011] DEBUG -- : REQUESTING PAGE: GET / with {} and HTTP headers {"HTTP_REFERER"=>"/entrar_palabra"}
D, [2014-11-06T20:41:21.928020 #17011] DEBUG -- : REQUESTING PAGE: POST /jugar with {"nombre"=>"Jorge"} and HTTP headers {"HTTP_REFERER"=>"/"}
D, [2014-11-06T20:41:21.932023 #17011] DEBUG -- : REQUESTING PAGE: POST /jugar with {"letra"=>"l", "nombre"=>"Jorge"} and HTTP headers {"HTTP_REFERER"=>"/jugar"}
D, [2014-11-06T20:41:21.937623 #17011] DEBUG -- : REQUESTING PAGE: GET /secreto with {} and HTTP headers {}
D, [2014-11-06T20:41:21.940485 #17011] DEBUG -- : REQUESTING PAGE: POST /entrar_palabra with {"palabra"=>"lOCO"} and HTTP headers {"HTTP_REFERER"=>"/secreto"}
D, [2014-11-06T20:41:21.941996 #17011] DEBUG -- : REQUESTING PAGE: GET / with {} and HTTP headers {"HTTP_REFERER"=>"/entrar_palabra"}
D, [2014-11-06T20:41:21.944967 #17011] DEBUG -- : REQUESTING PAGE: POST /jugar with {"nombre"=>"Jorge"} and HTTP headers {"HTTP_REFERER"=>"/"}
D, [2014-11-06T20:41:21.950870 #17011] DEBUG -- : REQUESTING PAGE: GET / with {} and HTTP headers {}
D, [2014-11-06T20:41:21.953566 #17011] DEBUG -- : REQUESTING PAGE: POST /jugar with {"nombre"=>""} and HTTP headers {"HTTP_REFERER"=>"/"}
D, [2014-11-06T20:41:21.958899 #17011] DEBUG -- : REQUESTING PAGE: GET /secreto with {} and HTTP headers {}
D, [2014-11-06T20:41:38.530307 #17034] DEBUG -- : REQUESTING PAGE: GET / with {} and HTTP headers {}
D, [2014-11-06T20:41:38.552696 #17034] DEBUG -- : REQUESTING PAGE: GET /secreto with {} and HTTP headers {}
D, [2014-11-06T20:41:38.556641 #17034] DEBUG -- : REQUESTING PAGE: POST /entrar_palabra with {"palabra"=>"loco"} and HTTP headers {"HTTP_REFERER"=>"/secreto"}
D, [2014-11-06T20:41:38.565844 #17034] DEBUG -- : REQUESTING PAGE: GET /secreto with {} and HTTP headers {}
D, [2014-11-06T20:41:38.568723 #17034] DEBUG -- : REQUESTING PAGE: POST /entrar_palabra with {"palabra"=>"loco"} and HTTP headers {"HTTP_REFERER"=>"/secreto"}
D, [2014-11-06T20:41:38.570228 #17034] DEBUG -- : REQUESTING PAGE: GET / with {} and HTTP headers {"HTTP_REFERER"=>"/entrar_palabra"}
D, [2014-11-06T20:41:38.572594 #17034] DEBUG -- : REQUESTING PAGE: POST /jugar with {"nombre"=>"Jorge"} and HTTP headers {"HTTP_REFERER"=>"/"}
D, [2014-11-06T20:41:38.576675 #17034] DEBUG -- : REQUESTING PAGE: POST /jugar with {"letra"=>"p", "nombre"=>"Jorge"} and HTTP headers {"HTTP_REFERER"=>"/jugar"}
D, [2014-11-06T20:41:38.582801 #17034] DEBUG -- : REQUESTING PAGE: GET /secreto with {} and HTTP headers {}
D, [2014-11-06T20:41:38.585657 #17034] DEBUG -- : REQUESTING PAGE: POST /entrar_palabra with {"palabra"=>"loco"} and HTTP headers {"HTTP_REFERER"=>"/secreto"}
D, [2014-11-06T20:41:38.587165 #17034] DEBUG -- : REQUESTING PAGE: GET / with {} and HTTP headers {"HTTP_REFERER"=>"/entrar_palabra"}
D, [2014-11-06T20:41:38.589995 #17034] DEBUG -- : REQUESTING PAGE: POST /jugar with {"nombre"=>"Jorge"} and HTTP headers {"HTTP_REFERER"=>"/"}
D, [2014-11-06T20:41:38.596602 #17034] DEBUG -- : REQUESTING PAGE: POST /jugar with {"letra"=>"o", "nombre"=>"Jorge"} and HTTP headers {"HTTP_REFERER"=>"/jugar"}
D, [2014-11-06T20:41:38.601012 #17034] DEBUG -- : REQUESTING PAGE: GET /secreto with {} and HTTP headers {}
D, [2014-11-06T20:41:38.603768 #17034] DEBUG -- : REQUESTING PAGE: POST /entrar_palabra with {"palabra"=>"l"} and HTTP headers {"HTTP_REFERER"=>"/secreto"}
D, [2014-11-06T20:41:38.605284 #17034] DEBUG -- : REQUESTING PAGE: GET / with {} and HTTP headers {"HTTP_REFERER"=>"/entrar_palabra"}
D, [2014-11-06T20:41:38.607648 #17034] DEBUG -- : REQUESTING PAGE: POST /jugar with {"nombre"=>"Jorge"} and HTTP headers {"HTTP_REFERER"=>"/"}
D, [2014-11-06T20:41:38.611653 #17034] DEBUG -- : REQUESTING PAGE: POST /jugar with {"letra"=>"l", "nombre"=>"Jorge"} and HTTP headers {"HTTP_REFERER"=>"/jugar"}
D, [2014-11-06T20:41:38.615162 #17034] DEBUG -- : REQUESTING PAGE: GET /secreto with {} and HTTP headers {}
D, [2014-11-06T20:41:38.617858 #17034] DEBUG -- : REQUESTING PAGE: POST /entrar_palabra with {"palabra"=>"lOCO"} and HTTP headers {"HTTP_REFERER"=>"/secreto"}
D, [2014-11-06T20:41:38.619560 #17034] DEBUG -- : REQUESTING PAGE: GET / with {} and HTTP headers {"HTTP_REFERER"=>"/entrar_palabra"}
D, [2014-11-06T20:41:38.623547 #17034] DEBUG -- : REQUESTING PAGE: POST /jugar with {"nombre"=>"Jorge"} and HTTP headers {"HTTP_REFERER"=>"/"}
D, [2014-11-06T20:41:38.629070 #17034] DEBUG -- : REQUESTING PAGE: POST /jugar with {"letra"=>"p", "nombre"=>"Jorge"} and HTTP headers {"HTTP_REFERER"=>"/jugar"}
D, [2014-11-06T20:41:38.632410 #17034] DEBUG -- : REQUESTING PAGE: POST /jugar with {"letra"=>"p", "nombre"=>"Jorge"} and HTTP headers {"HTTP_REFERER"=>"/jugar"}
D, [2014-11-06T20:41:38.635781 #17034] DEBUG -- : REQUESTING PAGE: POST /jugar with {"letra"=>"p", "nombre"=>"Jorge"} and HTTP headers {"HTTP_REFERER"=>"/jugar"}
D, [2014-11-06T20:41:38.638864 #17034] DEBUG -- : REQUESTING PAGE: POST /jugar with {"letra"=>"p", "nombre"=>"Jorge"} and HTTP headers {"HTTP_REFERER"=>"/jugar"}
D, [2014-11-06T20:41:38.642877 #17034] DEBUG -- : REQUESTING PAGE: POST /jugar with {"letra"=>"p", "nombre"=>"Jorge"} and HTTP headers {"HTTP_REFERER"=>"/jugar"}
D, [2014-11-06T20:41:38.648669 #17034] DEBUG -- : REQUESTING PAGE: GET / with {} and HTTP headers {}
D, [2014-11-06T20:41:38.652308 #17034] DEBUG -- : REQUESTING PAGE: POST /jugar with {"nombre"=>""} and HTTP headers {"HTTP_REFERER"=>"/"}
D, [2014-11-06T20:41:38.657076 #17034] DEBUG -- : REQUESTING PAGE: GET /secreto with {} and HTTP headers {}
D, [2014-11-06T20:43:46.957366 #17107] DEBUG -- : REQUESTING PAGE: GET / with {} and HTTP headers {}
D, [2014-11-06T20:43:46.978959 #17107] DEBUG -- : REQUESTING PAGE: GET /secreto with {} and HTTP headers {}
D, [2014-11-06T20:43:46.982019 #17107] DEBUG -- : REQUESTING PAGE: POST /entrar_palabra with {"palabra"=>"loco"} and HTTP headers {"HTTP_REFERER"=>"/secreto"}
D, [2014-11-06T20:43:46.989104 #17107] DEBUG -- : REQUESTING PAGE: GET /secreto with {} and HTTP headers {}
D, [2014-11-06T20:43:46.992010 #17107] DEBUG -- : REQUESTING PAGE: POST /entrar_palabra with {"palabra"=>"loco"} and HTTP headers {"HTTP_REFERER"=>"/secreto"}
D, [2014-11-06T20:43:46.993545 #17107] DEBUG -- : REQUESTING PAGE: GET / with {} and HTTP headers {"HTTP_REFERER"=>"/entrar_palabra"}
D, [2014-11-06T20:43:46.995895 #17107] DEBUG -- : REQUESTING PAGE: POST /jugar with {"nombre"=>"Jorge"} and HTTP headers {"HTTP_REFERER"=>"/"}
D, [2014-11-06T20:43:46.999820 #17107] DEBUG -- : REQUESTING PAGE: POST /jugar with {"letra"=>"p", "nombre"=>"Jorge"} and HTTP headers {"HTTP_REFERER"=>"/jugar"}
D, [2014-11-06T20:43:47.003684 #17107] DEBUG -- : REQUESTING PAGE: GET /secreto with {} and HTTP headers {}
D, [2014-11-06T20:43:47.006319 #17107] DEBUG -- : REQUESTING PAGE: POST /entrar_palabra with {"palabra"=>"loco"} and HTTP headers {"HTTP_REFERER"=>"/secreto"}
D, [2014-11-06T20:43:47.007825 #17107] DEBUG -- : REQUESTING PAGE: GET / with {} and HTTP headers {"HTTP_REFERER"=>"/entrar_palabra"}
D, [2014-11-06T20:43:47.010169 #17107] DEBUG -- : REQUESTING PAGE: POST /jugar with {"nombre"=>"Jorge"} and HTTP headers {"HTTP_REFERER"=>"/"}
D, [2014-11-06T20:43:47.014076 #17107] DEBUG -- : REQUESTING PAGE: POST /jugar with {"letra"=>"o", "nombre"=>"Jorge"} and HTTP headers {"HTTP_REFERER"=>"/jugar"}
D, [2014-11-06T20:43:47.018890 #17107] DEBUG -- : REQUESTING PAGE: GET /secreto with {} and HTTP headers {}
D, [2014-11-06T20:43:47.023181 #17107] DEBUG -- : REQUESTING PAGE: POST /entrar_palabra with {"palabra"=>"l"} and HTTP headers {"HTTP_REFERER"=>"/secreto"}
D, [2014-11-06T20:43:47.024921 #17107] DEBUG -- : REQUESTING PAGE: GET / with {} and HTTP headers {"HTTP_REFERER"=>"/entrar_palabra"}
D, [2014-11-06T20:43:47.027326 #17107] DEBUG -- : REQUESTING PAGE: POST /jugar with {"nombre"=>"Jorge"} and HTTP headers {"HTTP_REFERER"=>"/"}
D, [2014-11-06T20:43:47.031221 #17107] DEBUG -- : REQUESTING PAGE: POST /jugar with {"letra"=>"l", "nombre"=>"Jorge"} and HTTP headers {"HTTP_REFERER"=>"/jugar"}
D, [2014-11-06T20:43:47.034631 #17107] DEBUG -- : REQUESTING PAGE: GET /secreto with {} and HTTP headers {}
D, [2014-11-06T20:43:47.037302 #17107] DEBUG -- : REQUESTING PAGE: POST /entrar_palabra with {"palabra"=>"lOCO"} and HTTP headers {"HTTP_REFERER"=>"/secreto"}
D, [2014-11-06T20:43:47.038793 #17107] DEBUG -- : REQUESTING PAGE: GET / with {} and HTTP headers {"HTTP_REFERER"=>"/entrar_palabra"}
D, [2014-11-06T20:43:47.041138 #17107] DEBUG -- : REQUESTING PAGE: POST /jugar with {"nombre"=>"Jorge"} and HTTP headers {"HTTP_REFERER"=>"/"}
D, [2014-11-06T20:43:47.045098 #17107] DEBUG -- : REQUESTING PAGE: POST /jugar with {"letra"=>"p", "nombre"=>"Jorge"} and HTTP headers {"HTTP_REFERER"=>"/jugar"}
D, [2014-11-06T20:43:47.048550 #17107] DEBUG -- : REQUESTING PAGE: POST /jugar with {"letra"=>"p", "nombre"=>"Jorge"} and HTTP headers {"HTTP_REFERER"=>"/jugar"}
D, [2014-11-06T20:43:47.053966 #17107] DEBUG -- : REQUESTING PAGE: POST /jugar with {"letra"=>"p", "nombre"=>"Jorge"} and HTTP headers {"HTTP_REFERER"=>"/jugar"}
D, [2014-11-06T20:43:47.057292 #17107] DEBUG -- : REQUESTING PAGE: POST /jugar with {"letra"=>"p", "nombre"=>"Jorge"} and HTTP headers {"HTTP_REFERER"=>"/jugar"}
D, [2014-11-06T20:43:47.060731 #17107] DEBUG -- : REQUESTING PAGE: POST /jugar with {"letra"=>"p", "nombre"=>"Jorge"} and HTTP headers {"HTTP_REFERER"=>"/jugar"}
D, [2014-11-06T20:43:47.066199 #17107] DEBUG -- : REQUESTING PAGE: GET / with {} and HTTP headers {}
D, [2014-11-06T20:43:47.068874 #17107] DEBUG -- : REQUESTING PAGE: POST /jugar with {"nombre"=>""} and HTTP headers {"HTTP_REFERER"=>"/"}
D, [2014-11-06T20:43:47.073538 #17107] DEBUG -- : REQUESTING PAGE: GET /secreto with {} and HTTP headers {}
D, [2014-11-06T20:45:59.635681 #17118] DEBUG -- : REQUESTING PAGE: GET / with {} and HTTP headers {}
D, [2014-11-06T20:45:59.657711 #17118] DEBUG -- : REQUESTING PAGE: GET /secreto with {} and HTTP headers {}
D, [2014-11-06T20:45:59.660808 #17118] DEBUG -- : REQUESTING PAGE: POST /entrar_palabra with {"palabra"=>"loco"} and HTTP headers {"HTTP_REFERER"=>"/secreto"}
D, [2014-11-06T20:45:59.667627 #17118] DEBUG -- : REQUESTING PAGE: GET /secreto with {} and HTTP headers {}
D, [2014-11-06T20:45:59.670535 #17118] DEBUG -- : REQUESTING PAGE: POST /entrar_palabra with {"palabra"=>"loco"} and HTTP headers {"HTTP_REFERER"=>"/secreto"}
D, [2014-11-06T20:45:59.672168 #17118] DEBUG -- : REQUESTING PAGE: GET / with {} and HTTP headers {"HTTP_REFERER"=>"/entrar_palabra"}
D, [2014-11-06T20:45:59.674606 #17118] DEBUG -- : REQUESTING PAGE: POST /jugar with {"nombre"=>"Jorge"} and HTTP headers {"HTTP_REFERER"=>"/"}
D, [2014-11-06T20:45:59.678576 #17118] DEBUG -- : REQUESTING PAGE: POST /jugar with {"letra"=>"p", "nombre"=>"Jorge"} and HTTP headers {"HTTP_REFERER"=>"/jugar"}
D, [2014-11-06T20:45:59.682495 #17118] DEBUG -- : REQUESTING PAGE: GET /secreto with {} and HTTP headers {}
D, [2014-11-06T20:45:59.685234 #17118] DEBUG -- : REQUESTING PAGE: POST /entrar_palabra with {"palabra"=>"loco"} and HTTP headers {"HTTP_REFERER"=>"/secreto"}
D, [2014-11-06T20:45:59.686738 #17118] DEBUG -- : REQUESTING PAGE: GET / with {} and HTTP headers {"HTTP_REFERER"=>"/entrar_palabra"}
D, [2014-11-06T20:45:59.689113 #17118] DEBUG -- : REQUESTING PAGE: POST /jugar with {"nombre"=>"Jorge"} and HTTP headers {"HTTP_REFERER"=>"/"}
D, [2014-11-06T20:45:59.693135 #17118] DEBUG -- : REQUESTING PAGE: POST /jugar with {"letra"=>"o", "nombre"=>"Jorge"} and HTTP headers {"HTTP_REFERER"=>"/jugar"}
D, [2014-11-06T20:45:59.698474 #17118] DEBUG -- : REQUESTING PAGE: GET /secreto with {} and HTTP headers {}
D, [2014-11-06T20:45:59.702537 #17118] DEBUG -- : REQUESTING PAGE: POST /entrar_palabra with {"palabra"=>"l"} and HTTP headers {"HTTP_REFERER"=>"/secreto"}
D, [2014-11-06T20:45:59.704221 #17118] DEBUG -- : REQUESTING PAGE: GET / with {} and HTTP headers {"HTTP_REFERER"=>"/entrar_palabra"}
D, [2014-11-06T20:45:59.706590 #17118] DEBUG -- : REQUESTING PAGE: POST /jugar with {"nombre"=>"Jorge"} and HTTP headers {"HTTP_REFERER"=>"/"}
D, [2014-11-06T20:45:59.710611 #17118] DEBUG -- : REQUESTING PAGE: POST /jugar with {"letra"=>"l", "nombre"=>"Jorge"} and HTTP headers {"HTTP_REFERER"=>"/jugar"}
D, [2014-11-06T20:45:59.714055 #17118] DEBUG -- : REQUESTING PAGE: GET /secreto with {} and HTTP headers {}
D, [2014-11-06T20:45:59.716750 #17118] DEBUG -- : REQUESTING PAGE: POST /entrar_palabra with {"palabra"=>"lOCO"} and HTTP headers {"HTTP_REFERER"=>"/secreto"}
D, [2014-11-06T20:45:59.718259 #17118] DEBUG -- : REQUESTING PAGE: GET / with {} and HTTP headers {"HTTP_REFERER"=>"/entrar_palabra"}
D, [2014-11-06T20:45:59.720707 #17118] DEBUG -- : REQUESTING PAGE: POST /jugar with {"nombre"=>"Jorge"} and HTTP headers {"HTTP_REFERER"=>"/"}
D, [2014-11-06T20:45:59.724920 #17118] DEBUG -- : REQUESTING PAGE: POST /jugar with {"letra"=>"p", "nombre"=>"Jorge"} and HTTP headers {"HTTP_REFERER"=>"/jugar"}
D, [2014-11-06T20:45:59.729593 #17118] DEBUG -- : REQUESTING PAGE: POST /jugar with {"letra"=>"p", "nombre"=>"Jorge"} and HTTP headers {"HTTP_REFERER"=>"/jugar"}
D, [2014-11-06T20:45:59.734120 #17118] DEBUG -- : REQUESTING PAGE: POST /jugar with {"letra"=>"p", "nombre"=>"Jorge"} and HTTP headers {"HTTP_REFERER"=>"/jugar"}
D, [2014-11-06T20:45:59.737931 #17118] DEBUG -- : REQUESTING PAGE: POST /jugar with {"letra"=>"p", "nombre"=>"Jorge"} and HTTP headers {"HTTP_REFERER"=>"/jugar"}
D, [2014-11-06T20:45:59.741369 #17118] DEBUG -- : REQUESTING PAGE: POST /jugar with {"letra"=>"p", "nombre"=>"Jorge"} and HTTP headers {"HTTP_REFERER"=>"/jugar"}
D, [2014-11-06T20:45:59.746813 #17118] DEBUG -- : REQUESTING PAGE: GET / with {} and HTTP headers {}
D, [2014-11-06T20:45:59.750384 #17118] DEBUG -- : REQUESTING PAGE: POST /jugar with {"nombre"=>""} and HTTP headers {"HTTP_REFERER"=>"/"}
D, [2014-11-06T20:45:59.754201 #17118] DEBUG -- : REQUESTING PAGE: GET /secreto with {} and HTTP headers {}
D, [2014-11-06T20:46:50.308329 #17133] DEBUG -- : REQUESTING PAGE: GET / with {} and HTTP headers {}
D, [2014-11-06T20:46:50.329979 #17133] DEBUG -- : REQUESTING PAGE: GET /secreto with {} and HTTP headers {}
D, [2014-11-06T20:46:50.333198 #17133] DEBUG -- : REQUESTING PAGE: POST /entrar_palabra with {"palabra"=>"loco"} and HTTP headers {"HTTP_REFERER"=>"/secreto"}
D, [2014-11-06T20:46:50.341125 #17133] DEBUG -- : REQUESTING PAGE: GET /secreto with {} and HTTP headers {}
D, [2014-11-06T20:46:50.344058 #17133] DEBUG -- : REQUESTING PAGE: POST /entrar_palabra with {"palabra"=>"loco"} and HTTP headers {"HTTP_REFERER"=>"/secreto"}
D, [2014-11-06T20:46:50.345562 #17133] DEBUG -- : REQUESTING PAGE: GET / with {} and HTTP headers {"HTTP_REFERER"=>"/entrar_palabra"}
D, [2014-11-06T20:46:50.347943 #17133] DEBUG -- : REQUESTING PAGE: POST /jugar with {"nombre"=>"Jorge"} and HTTP headers {"HTTP_REFERER"=>"/"}
D, [2014-11-06T20:46:50.351981 #17133] DEBUG -- : REQUESTING PAGE: POST /jugar with {"letra"=>"p", "nombre"=>"Jorge"} and HTTP headers {"HTTP_REFERER"=>"/jugar"}
D, [2014-11-06T20:46:50.356058 #17133] DEBUG -- : REQUESTING PAGE: GET /secreto with {} and HTTP headers {}
D, [2014-11-06T20:46:50.358727 #17133] DEBUG -- : REQUESTING PAGE: POST /entrar_palabra with {"palabra"=>"loco"} and HTTP headers {"HTTP_REFERER"=>"/secreto"}
D, [2014-11-06T20:46:50.360330 #17133] DEBUG -- : REQUESTING PAGE: GET / with {} and HTTP headers {"HTTP_REFERER"=>"/entrar_palabra"}
D, [2014-11-06T20:46:50.362802 #17133] DEBUG -- : REQUESTING PAGE: POST /jugar with {"nombre"=>"Jorge"} and HTTP headers {"HTTP_REFERER"=>"/"}
D, [2014-11-06T20:46:50.367052 #17133] DEBUG -- : REQUESTING PAGE: POST /jugar with {"letra"=>"o", "nombre"=>"Jorge"} and HTTP headers {"HTTP_REFERER"=>"/jugar"}
D, [2014-11-06T20:46:50.374636 #17133] DEBUG -- : REQUESTING PAGE: GET /secreto with {} and HTTP headers {}
D, [2014-11-06T20:46:50.377517 #17133] DEBUG -- : REQUESTING PAGE: POST /entrar_palabra with {"palabra"=>"l"} and HTTP headers {"HTTP_REFERER"=>"/secreto"}
D, [2014-11-06T20:46:50.379040 #17133] DEBUG -- : REQUESTING PAGE: GET / with {} and HTTP headers {"HTTP_REFERER"=>"/entrar_palabra"}
D, [2014-11-06T20:46:50.381582 #17133] DEBUG -- : REQUESTING PAGE: POST /jugar with {"nombre"=>"Jorge"} and HTTP headers {"HTTP_REFERER"=>"/"}
D, [2014-11-06T20:46:50.385617 #17133] DEBUG -- : REQUESTING PAGE: POST /jugar with {"letra"=>"l", "nombre"=>"Jorge"} and HTTP headers {"HTTP_REFERER"=>"/jugar"}
D, [2014-11-06T20:46:50.389007 #17133] DEBUG -- : REQUESTING PAGE: GET /secreto with {} and HTTP headers {}
D, [2014-11-06T20:46:50.391718 #17133] DEBUG -- : REQUESTING PAGE: POST /entrar_palabra with {"palabra"=>"lOCO"} and HTTP headers {"HTTP_REFERER"=>"/secreto"}
D, [2014-11-06T20:46:50.393264 #17133] DEBUG -- : REQUESTING PAGE: GET / with {} and HTTP headers {"HTTP_REFERER"=>"/entrar_palabra"}
D, [2014-11-06T20:46:50.395631 #17133] DEBUG -- : REQUESTING PAGE: POST /jugar with {"nombre"=>"Jorge"} and HTTP headers {"HTTP_REFERER"=>"/"}
D, [2014-11-06T20:46:50.399976 #17133] DEBUG -- : REQUESTING PAGE: POST /jugar with {"letra"=>"p", "nombre"=>"Jorge"} and HTTP headers {"HTTP_REFERER"=>"/jugar"}
D, [2014-11-06T20:46:50.404889 #17133] DEBUG -- : REQUESTING PAGE: POST /jugar with {"letra"=>"p", "nombre"=>"Jorge"} and HTTP headers {"HTTP_REFERER"=>"/jugar"}
D, [2014-11-06T20:46:50.408148 #17133] DEBUG -- : REQUESTING PAGE: POST /jugar with {"letra"=>"p", "nombre"=>"Jorge"} and HTTP headers {"HTTP_REFERER"=>"/jugar"}
D, [2014-11-06T20:46:50.411416 #17133] DEBUG -- : REQUESTING PAGE: POST /jugar with {"letra"=>"p", "nombre"=>"Jorge"} and HTTP headers {"HTTP_REFERER"=>"/jugar"}
D, [2014-11-06T20:46:50.414662 #17133] DEBUG -- : REQUESTING PAGE: POST /jugar with {"letra"=>"p", "nombre"=>"Jorge"} and HTTP headers {"HTTP_REFERER"=>"/jugar"}
D, [2014-11-06T20:46:50.418297 #17133] DEBUG -- : REQUESTING PAGE: GET / with {} and HTTP headers {}
D, [2014-11-06T20:46:50.422072 #17133] DEBUG -- : REQUESTING PAGE: POST /jugar with {"nombre"=>""} and HTTP headers {"HTTP_REFERER"=>"/"}
D, [2014-11-06T20:46:50.425873 #17133] DEBUG -- : REQUESTING PAGE: GET /secreto with {} and HTTP headers {}
